{"/home/travis/build/npmtest/node-npmtest-grunt-run-grunt/test.js":{"path":"/home/travis/build/npmtest/node-npmtest-grunt-run-grunt/test.js","s":{"1":2,"2":2,"3":2,"4":2,"5":2,"6":2,"7":2,"8":1,"9":2,"10":2,"11":1,"12":1,"13":1,"14":1,"15":2,"16":2,"17":2,"18":2,"19":1,"20":1,"21":2,"22":2,"23":2,"24":1,"25":1,"26":1,"27":1,"28":1,"29":1,"30":1,"31":1,"32":1,"33":1,"34":1,"35":1,"36":1,"37":1,"38":1,"39":2,"40":2,"41":1,"42":2,"43":2,"44":1,"45":2,"46":2,"47":1,"48":2,"49":2,"50":1,"51":1,"52":1,"53":1,"54":1},"b":{"1":[2,1,1,1],"2":[1,1,1,1],"3":[1,1],"4":[1,1],"5":[1,1],"6":[1,1],"7":[1,1],"8":[1,1],"9":[1,1],"10":[1,1,1],"11":[1,1],"12":[1,1],"13":[1,1],"14":[1,1],"15":[1,1],"16":[1,1],"17":[1,1]},"f":{"1":2,"2":2,"3":2,"4":2,"5":2,"6":1,"7":1,"8":1,"9":2,"10":2,"11":2,"12":2,"13":1},"fnMap":{"1":{"name":"(anonymous_1)","line":12,"loc":{"start":{"line":12,"column":1},"end":{"line":12,"column":13}}},"2":{"name":"(anonymous_2)","line":19,"loc":{"start":{"line":19,"column":5},"end":{"line":19,"column":17}}},"3":{"name":"(anonymous_3)","line":23,"loc":{"start":{"line":23,"column":24},"end":{"line":23,"column":36}}},"4":{"name":"(anonymous_4)","line":61,"loc":{"start":{"line":61,"column":5},"end":{"line":61,"column":17}}},"5":{"name":"(anonymous_5)","line":82,"loc":{"start":{"line":82,"column":5},"end":{"line":82,"column":17}}},"6":{"name":"(anonymous_6)","line":91,"loc":{"start":{"line":91,"column":77},"end":{"line":94,"column":10}}},"7":{"name":"(anonymous_7)","line":112,"loc":{"start":{"line":112,"column":83},"end":{"line":115,"column":10}},"skip":true},"8":{"name":"(anonymous_8)","line":123,"loc":{"start":{"line":123,"column":77},"end":{"line":126,"column":10}},"skip":true},"9":{"name":"(anonymous_9)","line":139,"loc":{"start":{"line":139,"column":12},"end":{"line":139,"column":40}},"skip":true},"10":{"name":"(anonymous_10)","line":147,"loc":{"start":{"line":147,"column":77},"end":{"line":150,"column":10}},"skip":true},"11":{"name":"(anonymous_11)","line":158,"loc":{"start":{"line":158,"column":83},"end":{"line":161,"column":10}},"skip":true},"12":{"name":"(anonymous_12)","line":169,"loc":{"start":{"line":169,"column":79},"end":{"line":172,"column":10}},"skip":true},"13":{"name":"(anonymous_13)","line":180,"loc":{"start":{"line":180,"column":75},"end":{"line":183,"column":10}},"skip":true}},"statementMap":{"1":{"start":{"line":12,"column":0},"end":{"line":195,"column":5}},"2":{"start":{"line":14,"column":4},"end":{"line":14,"column":14}},"3":{"start":{"line":19,"column":4},"end":{"line":56,"column":9}},"4":{"start":{"line":21,"column":8},"end":{"line":21,"column":19}},"5":{"start":{"line":23,"column":8},"end":{"line":35,"column":13}},"6":{"start":{"line":24,"column":12},"end":{"line":34,"column":13}},"7":{"start":{"line":25,"column":16},"end":{"line":28,"column":30}},"8":{"start":{"line":30,"column":16},"end":{"line":33,"column":27}},"9":{"start":{"line":37,"column":8},"end":{"line":39,"column":21}},"10":{"start":{"line":40,"column":8},"end":{"line":53,"column":9}},"11":{"start":{"line":43,"column":12},"end":{"line":46,"column":14}},"12":{"start":{"line":47,"column":12},"end":{"line":47,"column":18}},"13":{"start":{"line":50,"column":12},"end":{"line":51,"column":33}},"14":{"start":{"line":52,"column":12},"end":{"line":52,"column":18}},"15":{"start":{"line":55,"column":8},"end":{"line":55,"column":35}},"16":{"start":{"line":61,"column":4},"end":{"line":63,"column":9}},"17":{"start":{"line":62,"column":8},"end":{"line":62,"column":15}},"18":{"start":{"line":64,"column":4},"end":{"line":77,"column":5}},"19":{"start":{"line":70,"column":8},"end":{"line":70,"column":14}},"20":{"start":{"line":76,"column":8},"end":{"line":76,"column":14}},"21":{"start":{"line":82,"column":4},"end":{"line":84,"column":9}},"22":{"start":{"line":83,"column":8},"end":{"line":83,"column":15}},"23":{"start":{"line":85,"column":4},"end":{"line":194,"column":5}},"24":{"start":{"line":91,"column":8},"end":{"line":99,"column":10}},"25":{"start":{"line":98,"column":12},"end":{"line":98,"column":35}},"26":{"start":{"line":102,"column":8},"end":{"line":104,"column":63}},"27":{"start":{"line":105,"column":8},"end":{"line":105,"column":14}},"28":{"start":{"line":112,"column":8},"end":{"line":121,"column":10},"skip":true},"29":{"start":{"line":119,"column":12},"end":{"line":119,"column":55},"skip":true},"30":{"start":{"line":120,"column":12},"end":{"line":120,"column":48},"skip":true},"31":{"start":{"line":123,"column":8},"end":{"line":136,"column":10},"skip":true},"32":{"start":{"line":130,"column":12},"end":{"line":130,"column":76},"skip":true},"33":{"start":{"line":131,"column":12},"end":{"line":131,"column":73},"skip":true},"34":{"start":{"line":132,"column":12},"end":{"line":132,"column":74},"skip":true},"35":{"start":{"line":133,"column":12},"end":{"line":133,"column":79},"skip":true},"36":{"start":{"line":134,"column":12},"end":{"line":134,"column":25},"skip":true},"37":{"start":{"line":135,"column":12},"end":{"line":135,"column":45},"skip":true},"38":{"start":{"line":138,"column":8},"end":{"line":145,"column":14},"skip":true},"39":{"start":{"line":143,"column":16},"end":{"line":143,"column":29},"skip":true},"40":{"start":{"line":144,"column":16},"end":{"line":144,"column":55},"skip":true},"41":{"start":{"line":147,"column":8},"end":{"line":156,"column":10},"skip":true},"42":{"start":{"line":154,"column":12},"end":{"line":154,"column":25},"skip":true},"43":{"start":{"line":155,"column":12},"end":{"line":155,"column":45},"skip":true},"44":{"start":{"line":158,"column":8},"end":{"line":167,"column":10},"skip":true},"45":{"start":{"line":165,"column":12},"end":{"line":165,"column":25},"skip":true},"46":{"start":{"line":166,"column":12},"end":{"line":166,"column":48},"skip":true},"47":{"start":{"line":169,"column":8},"end":{"line":178,"column":10},"skip":true},"48":{"start":{"line":176,"column":12},"end":{"line":176,"column":25},"skip":true},"49":{"start":{"line":177,"column":12},"end":{"line":177,"column":46},"skip":true},"50":{"start":{"line":180,"column":8},"end":{"line":189,"column":10},"skip":true},"51":{"start":{"line":187,"column":12},"end":{"line":187,"column":94},"skip":true},"52":{"start":{"line":188,"column":12},"end":{"line":188,"column":48},"skip":true},"53":{"start":{"line":192,"column":8},"end":{"line":192,"column":35},"skip":true},"54":{"start":{"line":193,"column":8},"end":{"line":193,"column":14},"skip":true}},"branchMap":{"1":{"line":25,"type":"binary-expr","locations":[{"start":{"line":25,"column":23},"end":{"line":25,"column":62}},{"start":{"line":26,"column":20},"end":{"line":26,"column":70}},{"start":{"line":27,"column":20},"end":{"line":27,"column":71}},{"start":{"line":28,"column":20},"end":{"line":28,"column":29}}]},"2":{"line":30,"type":"binary-expr","locations":[{"start":{"line":30,"column":23},"end":{"line":30,"column":37}},{"start":{"line":31,"column":20},"end":{"line":31,"column":61}},{"start":{"line":32,"column":20},"end":{"line":32,"column":70}},{"start":{"line":33,"column":20},"end":{"line":33,"column":26}}]},"3":{"line":37,"type":"cond-expr","locations":[{"start":{"line":38,"column":14},"end":{"line":38,"column":20}},{"start":{"line":39,"column":14},"end":{"line":39,"column":20}}]},"4":{"line":40,"type":"switch","locations":[{"start":{"line":42,"column":8},"end":{"line":47,"column":18}},{"start":{"line":49,"column":8},"end":{"line":52,"column":18}}]},"5":{"line":44,"type":"binary-expr","locations":[{"start":{"line":44,"column":16},"end":{"line":44,"column":44}},{"start":{"line":44,"column":48},"end":{"line":44,"column":66}}]},"6":{"line":50,"type":"binary-expr","locations":[{"start":{"line":50,"column":21},"end":{"line":50,"column":49}},{"start":{"line":50,"column":53},"end":{"line":50,"column":72}}]},"7":{"line":64,"type":"switch","locations":[{"start":{"line":69,"column":4},"end":{"line":70,"column":14}},{"start":{"line":75,"column":4},"end":{"line":76,"column":14}}]},"8":{"line":85,"type":"switch","locations":[{"start":{"line":90,"column":4},"end":{"line":105,"column":14}},{"start":{"line":111,"column":4},"end":{"line":193,"column":14},"skip":true}]},"9":{"line":91,"type":"binary-expr","locations":[{"start":{"line":91,"column":42},"end":{"line":91,"column":73}},{"start":{"line":91,"column":77},"end":{"line":99,"column":9}}]},"10":{"line":102,"type":"binary-expr","locations":[{"start":{"line":102,"column":18},"end":{"line":102,"column":32}},{"start":{"line":103,"column":12},"end":{"line":103,"column":53}},{"start":{"line":104,"column":12},"end":{"line":104,"column":61}}]},"11":{"line":112,"type":"binary-expr","locations":[{"start":{"line":112,"column":45},"end":{"line":112,"column":79},"skip":true},{"start":{"line":112,"column":83},"end":{"line":121,"column":9},"skip":true}]},"12":{"line":123,"type":"binary-expr","locations":[{"start":{"line":123,"column":42},"end":{"line":123,"column":73},"skip":true},{"start":{"line":123,"column":77},"end":{"line":136,"column":9},"skip":true}]},"13":{"line":138,"type":"binary-expr","locations":[{"start":{"line":138,"column":48},"end":{"line":138,"column":85},"skip":true},{"start":{"line":139,"column":12},"end":{"line":145,"column":13},"skip":true}]},"14":{"line":147,"type":"binary-expr","locations":[{"start":{"line":147,"column":42},"end":{"line":147,"column":73},"skip":true},{"start":{"line":147,"column":77},"end":{"line":156,"column":9},"skip":true}]},"15":{"line":158,"type":"binary-expr","locations":[{"start":{"line":158,"column":45},"end":{"line":158,"column":79},"skip":true},{"start":{"line":158,"column":83},"end":{"line":167,"column":9},"skip":true}]},"16":{"line":169,"type":"binary-expr","locations":[{"start":{"line":169,"column":43},"end":{"line":169,"column":75},"skip":true},{"start":{"line":169,"column":79},"end":{"line":178,"column":9},"skip":true}]},"17":{"line":180,"type":"binary-expr","locations":[{"start":{"line":180,"column":41},"end":{"line":180,"column":71},"skip":true},{"start":{"line":180,"column":75},"end":{"line":189,"column":9},"skip":true}]}},"code":["/* istanbul instrument in package npmtest_grunt_run_grunt */","/*jslint","    bitwise: true,","    browser: true,","    maxerr: 8,","    maxlen: 96,","    node: true,","    nomen: true,","    regexp: true,","    stupid: true","*/","(function () {","    'use strict';","    var local;","","","","    // run shared js-env code - init-before","    (function () {","        // init local","        local = {};","        // init modeJs","        local.modeJs = (function () {","            try {","                return typeof navigator.userAgent === 'string' &&","                    typeof document.querySelector('body') === 'object' &&","                    typeof XMLHttpRequest.prototype.open === 'function' &&","                    'browser';","            } catch (errorCaughtBrowser) {","                return module.exports &&","                    typeof process.versions.node === 'string' &&","                    typeof require('http').createServer === 'function' &&","                    'node';","            }","        }());","        // init global","        local.global = local.modeJs === 'browser'","            ? window","            : global;","        switch (local.modeJs) {","        // re-init local from window.local","        case 'browser':","            local = local.global.utility2.objectSetDefault(","                local.global.utility2_rollup || local.global.local,","                local.global.utility2","            );","            break;","        // re-init local from example.js","        case 'node':","            local = (local.global.utility2_rollup || require('utility2'))","                .requireReadme();","            break;","        }","        // export local","        local.global.local = local;","    }());","","","","    // run shared js-env code - function","    (function () {","        return;","    }());","    switch (local.modeJs) {","","","","    // run browser js-env code - function","    case 'browser':","        break;","","","","    // run node js-env code - function","    case 'node':","        break;","    }","","","","    // run shared js-env code - init-after","    (function () {","        return;","    }());","    switch (local.modeJs) {","","","","    // run browser js-env code - init-after","    case 'browser':","        local.testCase_browser_nullCase = local.testCase_browser_nullCase || function (","            options,","            onError","        ) {","        /*","         * this function will test browsers's null-case handling-behavior-behavior","         */","            onError(null, options);","        };","","        // run tests","        local.nop(local.modeTest &&","            document.querySelector('#testRunButton1') &&","            document.querySelector('#testRunButton1').click());","        break;","","","","    // run node js-env code - init-after","    /* istanbul ignore next */","    case 'node':","        local.testCase_buildApidoc_default = local.testCase_buildApidoc_default || function (","            options,","            onError","        ) {","        /*","         * this function will test buildApidoc's default handling-behavior-behavior","         */","            options = { modulePathList: module.paths };","            local.buildApidoc(options, onError);","        };","","        local.testCase_buildApp_default = local.testCase_buildApp_default || function (","            options,","            onError","        ) {","        /*","         * this function will test buildApp's default handling-behavior-behavior","         */","            local.testCase_buildReadme_default(options, local.onErrorThrow);","            local.testCase_buildLib_default(options, local.onErrorThrow);","            local.testCase_buildTest_default(options, local.onErrorThrow);","            local.testCase_buildCustomOrg_default(options, local.onErrorThrow);","            options = [];","            local.buildApp(options, onError);","        };","","        local.testCase_buildCustomOrg_default = local.testCase_buildCustomOrg_default ||","            function (options, onError) {","            /*","             * this function will test buildCustomOrg's default handling-behavior","             */","                options = {};","                local.buildCustomOrg(options, onError);","            };","","        local.testCase_buildLib_default = local.testCase_buildLib_default || function (","            options,","            onError","        ) {","        /*","         * this function will test buildLib's default handling-behavior","         */","            options = {};","            local.buildLib(options, onError);","        };","","        local.testCase_buildReadme_default = local.testCase_buildReadme_default || function (","            options,","            onError","        ) {","        /*","         * this function will test buildReadme's default handling-behavior-behavior","         */","            options = {};","            local.buildReadme(options, onError);","        };","","        local.testCase_buildTest_default = local.testCase_buildTest_default || function (","            options,","            onError","        ) {","        /*","         * this function will test buildTest's default handling-behavior","         */","            options = {};","            local.buildTest(options, onError);","        };","","        local.testCase_webpage_default = local.testCase_webpage_default || function (","            options,","            onError","        ) {","        /*","         * this function will test webpage's default handling-behavior","         */","            options = { modeCoverageMerge: true, url: local.serverLocalHost + '?modeTest=1' };","            local.browserTest(options, onError);","        };","","        // run test-server","        local.testRunServer(local);","        break;","    }","}());",""],"l":{"12":2,"14":2,"19":2,"21":2,"23":2,"24":2,"25":2,"30":1,"37":2,"40":2,"43":1,"47":1,"50":1,"52":1,"55":2,"61":2,"62":2,"64":2,"70":1,"76":1,"82":2,"83":2,"85":2,"91":1,"98":1,"102":1,"105":1,"112":1,"119":1,"120":1,"123":1,"130":1,"131":1,"132":1,"133":1,"134":1,"135":1,"138":1,"143":2,"144":2,"147":1,"154":2,"155":2,"158":1,"165":2,"166":2,"169":1,"176":2,"177":2,"180":1,"187":1,"188":1,"192":1,"193":1}},"/home/travis/build/npmtest/node-npmtest-grunt-run-grunt/lib.npmtest_grunt_run_grunt.js":{"path":"/home/travis/build/npmtest/node-npmtest-grunt-run-grunt/lib.npmtest_grunt_run_grunt.js","s":{"1":2,"2":2,"3":2,"4":2,"5":2,"6":2,"7":2,"8":1,"9":2,"10":2,"11":2,"12":2,"13":1,"14":1,"15":1,"16":1},"b":{"1":[2,1,1,1],"2":[1,1,1,1],"3":[1,1],"4":[2,2],"5":[1,1]},"f":{"1":2,"2":2,"3":2},"fnMap":{"1":{"name":"(anonymous_1)","line":12,"loc":{"start":{"line":12,"column":1},"end":{"line":12,"column":13}}},"2":{"name":"(anonymous_2)","line":19,"loc":{"start":{"line":19,"column":5},"end":{"line":19,"column":17}}},"3":{"name":"(anonymous_3)","line":23,"loc":{"start":{"line":23,"column":24},"end":{"line":23,"column":36}}}},"statementMap":{"1":{"start":{"line":12,"column":0},"end":{"line":53,"column":5}},"2":{"start":{"line":14,"column":4},"end":{"line":14,"column":14}},"3":{"start":{"line":19,"column":4},"end":{"line":52,"column":9}},"4":{"start":{"line":21,"column":8},"end":{"line":21,"column":19}},"5":{"start":{"line":23,"column":8},"end":{"line":35,"column":13}},"6":{"start":{"line":24,"column":12},"end":{"line":34,"column":13}},"7":{"start":{"line":25,"column":16},"end":{"line":28,"column":30}},"8":{"start":{"line":30,"column":16},"end":{"line":33,"column":27}},"9":{"start":{"line":37,"column":8},"end":{"line":39,"column":21}},"10":{"start":{"line":41,"column":8},"end":{"line":41,"column":54}},"11":{"start":{"line":43,"column":8},"end":{"line":43,"column":60}},"12":{"start":{"line":45,"column":8},"end":{"line":51,"column":9}},"13":{"start":{"line":46,"column":12},"end":{"line":46,"column":66}},"14":{"start":{"line":48,"column":12},"end":{"line":48,"column":35}},"15":{"start":{"line":49,"column":12},"end":{"line":49,"column":49}},"16":{"start":{"line":50,"column":12},"end":{"line":50,"column":43}}},"branchMap":{"1":{"line":25,"type":"binary-expr","locations":[{"start":{"line":25,"column":23},"end":{"line":25,"column":62}},{"start":{"line":26,"column":20},"end":{"line":26,"column":70}},{"start":{"line":27,"column":20},"end":{"line":27,"column":71}},{"start":{"line":28,"column":20},"end":{"line":28,"column":29}}]},"2":{"line":30,"type":"binary-expr","locations":[{"start":{"line":30,"column":23},"end":{"line":30,"column":37}},{"start":{"line":31,"column":20},"end":{"line":31,"column":61}},{"start":{"line":32,"column":20},"end":{"line":32,"column":70}},{"start":{"line":33,"column":20},"end":{"line":33,"column":26}}]},"3":{"line":37,"type":"cond-expr","locations":[{"start":{"line":38,"column":14},"end":{"line":38,"column":20}},{"start":{"line":39,"column":14},"end":{"line":39,"column":20}}]},"4":{"line":41,"type":"binary-expr","locations":[{"start":{"line":41,"column":16},"end":{"line":41,"column":44}},{"start":{"line":41,"column":48},"end":{"line":41,"column":53}}]},"5":{"line":45,"type":"if","locations":[{"start":{"line":45,"column":8},"end":{"line":45,"column":8}},{"start":{"line":45,"column":8},"end":{"line":45,"column":8}}]}},"code":["/* istanbul instrument in package npmtest_grunt_run_grunt */","/*jslint","    bitwise: true,","    browser: true,","    maxerr: 8,","    maxlen: 96,","    node: true,","    nomen: true,","    regexp: true,","    stupid: true","*/","(function () {","    'use strict';","    var local;","","","","    // run shared js-env code - init-before","    (function () {","        // init local","        local = {};","        // init modeJs","        local.modeJs = (function () {","            try {","                return typeof navigator.userAgent === 'string' &&","                    typeof document.querySelector('body') === 'object' &&","                    typeof XMLHttpRequest.prototype.open === 'function' &&","                    'browser';","            } catch (errorCaughtBrowser) {","                return module.exports &&","                    typeof process.versions.node === 'string' &&","                    typeof require('http').createServer === 'function' &&","                    'node';","            }","        }());","        // init global","        local.global = local.modeJs === 'browser'","            ? window","            : global;","        // init utility2_rollup","        local = local.global.utility2_rollup || local;","        // init lib","        local.local = local.npmtest_grunt_run_grunt = local;","        // init exports","        if (local.modeJs === 'browser') {","            local.global.utility2_npmtest_grunt_run_grunt = local;","        } else {","            module.exports = local;","            module.exports.__dirname = __dirname;","            module.exports.module = module;","        }","    }());","}());",""],"l":{"12":2,"14":2,"19":2,"21":2,"23":2,"24":2,"25":2,"30":1,"37":2,"41":2,"43":2,"45":2,"46":1,"48":1,"49":1,"50":1}},"/home/travis/build/npmtest/node-npmtest-grunt-run-grunt/example.js":{"path":"/home/travis/build/npmtest/node-npmtest-grunt-run-grunt/example.js","s":{"1":2,"2":2,"3":2,"4":2,"5":2,"6":2,"7":2,"8":1,"9":2,"10":2,"11":2,"12":2,"13":1,"14":2,"15":2,"16":2,"17":2,"18":2,"19":0,"20":2,"21":1,"22":1,"23":1,"24":1,"25":1,"26":0,"27":0,"28":1,"29":1,"30":2,"31":0,"32":0,"33":0,"34":1,"35":2,"36":2,"37":3,"38":3,"39":3,"40":3,"41":0,"42":3,"43":3,"44":3,"45":1,"46":3,"47":1,"48":1,"49":1,"50":1,"51":1,"52":1,"53":1,"54":1,"55":1,"56":1,"57":0,"58":1,"59":6,"60":6,"61":1,"62":2,"63":0,"64":2,"65":1,"66":1,"67":0,"68":0,"69":0,"70":0,"71":0,"72":0,"73":0,"74":0,"75":0,"76":0,"77":0,"78":0,"79":0,"80":0,"81":0,"82":0,"83":0},"b":{"1":[2,1,1,1],"2":[1,1,1,1],"3":[1,1],"4":[2,2],"5":[1,1],"6":[1,1],"7":[2,0],"8":[2,1,1,1,1,1],"9":[0,2,0],"10":[1,1],"11":[2,1,1],"12":[1,0],"13":[0,2],"14":[2,0,0,0,0,0,0],"15":[0,3],"16":[3,0],"17":[1,1],"18":[0,1],"19":[1,2,0,2],"20":[1,0],"21":[1,1],"22":[0,0],"23":[0,0],"24":[0,0],"25":[0,0],"26":[0,0],"27":[0,0],"28":[0,0]},"f":{"1":2,"2":2,"3":2,"4":2,"5":2,"6":2,"7":3,"8":3,"9":3,"10":1,"11":6,"12":0},"fnMap":{"1":{"name":"(anonymous_1)","line":26,"loc":{"start":{"line":26,"column":1},"end":{"line":26,"column":13}}},"2":{"name":"(anonymous_2)","line":33,"loc":{"start":{"line":33,"column":5},"end":{"line":33,"column":17}}},"3":{"name":"(anonymous_3)","line":37,"loc":{"start":{"line":37,"column":24},"end":{"line":37,"column":36}}},"4":{"name":"(anonymous_4)","line":69,"loc":{"start":{"line":69,"column":31},"end":{"line":69,"column":48}},"skip":true},"5":{"name":"(anonymous_5)","line":78,"loc":{"start":{"line":78,"column":26},"end":{"line":78,"column":45}},"skip":true},"6":{"name":"(anonymous_6)","line":123,"loc":{"start":{"line":123,"column":33},"end":{"line":123,"column":48}},"skip":true},"7":{"name":"(anonymous_7)","line":125,"loc":{"start":{"line":125,"column":27},"end":{"line":125,"column":39}},"skip":true},"8":{"name":"(anonymous_8)","line":133,"loc":{"start":{"line":133,"column":59},"end":{"line":133,"column":74}},"skip":true},"9":{"name":"(anonymous_9)","line":143,"loc":{"start":{"line":143,"column":45},"end":{"line":143,"column":62}},"skip":true},"10":{"name":"(anonymous_10)","line":144,"loc":{"start":{"line":144,"column":73},"end":{"line":144,"column":92}},"skip":true},"11":{"name":"(anonymous_11)","line":272,"loc":{"start":{"line":272,"column":51},"end":{"line":272,"column":77}},"skip":true},"12":{"name":"(anonymous_12)","line":315,"loc":{"start":{"line":315,"column":32},"end":{"line":315,"column":61}},"skip":true}},"statementMap":{"1":{"start":{"line":26,"column":0},"end":{"line":326,"column":5}},"2":{"start":{"line":28,"column":4},"end":{"line":28,"column":14}},"3":{"start":{"line":33,"column":4},"end":{"line":60,"column":9}},"4":{"start":{"line":35,"column":8},"end":{"line":35,"column":19}},"5":{"start":{"line":37,"column":8},"end":{"line":49,"column":13}},"6":{"start":{"line":38,"column":12},"end":{"line":48,"column":13}},"7":{"start":{"line":39,"column":16},"end":{"line":42,"column":30}},"8":{"start":{"line":44,"column":16},"end":{"line":47,"column":27}},"9":{"start":{"line":51,"column":8},"end":{"line":53,"column":21}},"10":{"start":{"line":55,"column":8},"end":{"line":57,"column":45}},"11":{"start":{"line":59,"column":8},"end":{"line":59,"column":35}},"12":{"start":{"line":61,"column":4},"end":{"line":325,"column":5}},"13":{"start":{"line":69,"column":8},"end":{"line":121,"column":10},"skip":true},"14":{"start":{"line":70,"column":12},"end":{"line":88,"column":13},"skip":true},"15":{"start":{"line":76,"column":16},"end":{"line":87,"column":19},"skip":true},"16":{"start":{"line":79,"column":20},"end":{"line":86,"column":21},"skip":true},"17":{"start":{"line":82,"column":24},"end":{"line":82,"column":43},"skip":true},"18":{"start":{"line":83,"column":24},"end":{"line":83,"column":30},"skip":true},"19":{"start":{"line":85,"column":24},"end":{"line":85,"column":49},"skip":true},"20":{"start":{"line":89,"column":12},"end":{"line":107,"column":13},"skip":true},"21":{"start":{"line":92,"column":16},"end":{"line":102,"column":17},"skip":true},"22":{"start":{"line":93,"column":20},"end":{"line":93,"column":86},"skip":true},"23":{"start":{"line":94,"column":20},"end":{"line":95,"column":45},"skip":true},"24":{"start":{"line":96,"column":20},"end":{"line":96,"column":42},"skip":true},"25":{"start":{"line":97,"column":20},"end":{"line":97,"column":48},"skip":true},"26":{"start":{"line":100,"column":20},"end":{"line":100,"column":85},"skip":true},"27":{"start":{"line":101,"column":20},"end":{"line":101,"column":96},"skip":true},"28":{"start":{"line":103,"column":16},"end":{"line":103,"column":22},"skip":true},"29":{"start":{"line":106,"column":16},"end":{"line":106,"column":22},"skip":true},"30":{"start":{"line":108,"column":12},"end":{"line":120,"column":13},"skip":true},"31":{"start":{"line":114,"column":16},"end":{"line":119,"column":17},"skip":true},"32":{"start":{"line":116,"column":20},"end":{"line":116,"column":78},"skip":true},"33":{"start":{"line":118,"column":20},"end":{"line":118,"column":47},"skip":true},"34":{"start":{"line":123,"column":8},"end":{"line":141,"column":11},"skip":true},"35":{"start":{"line":124,"column":12},"end":{"line":124,"column":54},"skip":true},"36":{"start":{"line":125,"column":12},"end":{"line":140,"column":14},"skip":true},"37":{"start":{"line":126,"column":16},"end":{"line":126,"column":28},"skip":true},"38":{"start":{"line":127,"column":16},"end":{"line":127,"column":69},"skip":true},"39":{"start":{"line":128,"column":16},"end":{"line":128,"column":75},"skip":true},"40":{"start":{"line":129,"column":16},"end":{"line":131,"column":17},"skip":true},"41":{"start":{"line":130,"column":20},"end":{"line":130,"column":27},"skip":true},"42":{"start":{"line":133,"column":16},"end":{"line":137,"column":36},"skip":true},"43":{"start":{"line":134,"column":20},"end":{"line":136,"column":55},"skip":true},"44":{"start":{"line":139,"column":16},"end":{"line":139,"column":57},"skip":true},"45":{"start":{"line":143,"column":8},"end":{"line":147,"column":11},"skip":true},"46":{"start":{"line":144,"column":12},"end":{"line":146,"column":15},"skip":true},"47":{"start":{"line":145,"column":16},"end":{"line":145,"column":70},"skip":true},"48":{"start":{"line":149,"column":8},"end":{"line":149,"column":31},"skip":true},"49":{"start":{"line":150,"column":8},"end":{"line":150,"column":14},"skip":true},"50":{"start":{"line":158,"column":8},"end":{"line":158,"column":31},"skip":true},"51":{"start":{"line":160,"column":8},"end":{"line":160,"column":33},"skip":true},"52":{"start":{"line":161,"column":8},"end":{"line":161,"column":37},"skip":true},"53":{"start":{"line":162,"column":8},"end":{"line":162,"column":35},"skip":true},"54":{"start":{"line":164,"column":8},"end":{"line":164,"column":50},"skip":true},"55":{"start":{"line":166,"column":8},"end":{"line":256,"column":2},"skip":true},"56":{"start":{"line":258,"column":8},"end":{"line":286,"column":9},"skip":true},"57":{"start":{"line":259,"column":12},"end":{"line":269,"column":14},"skip":true},"58":{"start":{"line":271,"column":12},"end":{"line":285,"column":19},"skip":true},"59":{"start":{"line":274,"column":20},"end":{"line":274,"column":35},"skip":true},"60":{"start":{"line":275,"column":20},"end":{"line":284,"column":21},"skip":true},"61":{"start":{"line":277,"column":24},"end":{"line":277,"column":64},"skip":true},"62":{"start":{"line":279,"column":24},"end":{"line":279,"column":40},"skip":true},"63":{"start":{"line":281,"column":24},"end":{"line":281,"column":40},"skip":true},"64":{"start":{"line":283,"column":24},"end":{"line":283,"column":39},"skip":true},"65":{"start":{"line":288,"column":8},"end":{"line":290,"column":9},"skip":true},"66":{"start":{"line":289,"column":12},"end":{"line":289,"column":18},"skip":true},"67":{"start":{"line":291,"column":8},"end":{"line":293,"column":54},"skip":true},"68":{"start":{"line":296,"column":8},"end":{"line":301,"column":37},"skip":true},"69":{"start":{"line":303,"column":8},"end":{"line":303,"column":82},"skip":true},"70":{"start":{"line":306,"column":8},"end":{"line":308,"column":9},"skip":true},"71":{"start":{"line":307,"column":12},"end":{"line":307,"column":82},"skip":true},"72":{"start":{"line":310,"column":8},"end":{"line":312,"column":9},"skip":true},"73":{"start":{"line":311,"column":12},"end":{"line":311,"column":18},"skip":true},"74":{"start":{"line":313,"column":8},"end":{"line":313,"column":54},"skip":true},"75":{"start":{"line":314,"column":8},"end":{"line":314,"column":69},"skip":true},"76":{"start":{"line":315,"column":8},"end":{"line":323,"column":36},"skip":true},"77":{"start":{"line":316,"column":12},"end":{"line":316,"column":61},"skip":true},"78":{"start":{"line":317,"column":12},"end":{"line":320,"column":13},"skip":true},"79":{"start":{"line":318,"column":16},"end":{"line":318,"column":75},"skip":true},"80":{"start":{"line":319,"column":16},"end":{"line":319,"column":23},"skip":true},"81":{"start":{"line":321,"column":12},"end":{"line":321,"column":38},"skip":true},"82":{"start":{"line":322,"column":12},"end":{"line":322,"column":27},"skip":true},"83":{"start":{"line":324,"column":8},"end":{"line":324,"column":14},"skip":true}},"branchMap":{"1":{"line":39,"type":"binary-expr","locations":[{"start":{"line":39,"column":23},"end":{"line":39,"column":62}},{"start":{"line":40,"column":20},"end":{"line":40,"column":70}},{"start":{"line":41,"column":20},"end":{"line":41,"column":71}},{"start":{"line":42,"column":20},"end":{"line":42,"column":29}}]},"2":{"line":44,"type":"binary-expr","locations":[{"start":{"line":44,"column":23},"end":{"line":44,"column":37}},{"start":{"line":45,"column":20},"end":{"line":45,"column":61}},{"start":{"line":46,"column":20},"end":{"line":46,"column":70}},{"start":{"line":47,"column":20},"end":{"line":47,"column":26}}]},"3":{"line":51,"type":"cond-expr","locations":[{"start":{"line":52,"column":14},"end":{"line":52,"column":20}},{"start":{"line":53,"column":14},"end":{"line":53,"column":20}}]},"4":{"line":55,"type":"binary-expr","locations":[{"start":{"line":55,"column":16},"end":{"line":55,"column":44}},{"start":{"line":55,"column":49},"end":{"line":57,"column":43}}]},"5":{"line":55,"type":"cond-expr","locations":[{"start":{"line":56,"column":14},"end":{"line":56,"column":59}},{"start":{"line":57,"column":14},"end":{"line":57,"column":43}}]},"6":{"line":61,"type":"switch","locations":[{"start":{"line":68,"column":4},"end":{"line":150,"column":14},"skip":true},{"start":{"line":156,"column":4},"end":{"line":324,"column":14},"skip":true}]},"7":{"line":70,"type":"if","locations":[{"start":{"line":70,"column":12},"end":{"line":70,"column":12},"skip":true},{"start":{"line":70,"column":12},"end":{"line":70,"column":12},"skip":true}]},"8":{"line":70,"type":"binary-expr","locations":[{"start":{"line":70,"column":16},"end":{"line":70,"column":22},"skip":true},{"start":{"line":70,"column":27},"end":{"line":70,"column":32},"skip":true},{"start":{"line":71,"column":20},"end":{"line":71,"column":39},"skip":true},{"start":{"line":72,"column":20},"end":{"line":72,"column":49},"skip":true},{"start":{"line":73,"column":20},"end":{"line":73,"column":58},"skip":true},{"start":{"line":74,"column":20},"end":{"line":74,"column":69},"skip":true}]},"9":{"line":79,"type":"switch","locations":[{"start":{"line":80,"column":20},"end":{"line":80,"column":33},"skip":true},{"start":{"line":81,"column":20},"end":{"line":83,"column":30},"skip":true},{"start":{"line":84,"column":20},"end":{"line":85,"column":49},"skip":true}]},"10":{"line":89,"type":"switch","locations":[{"start":{"line":90,"column":12},"end":{"line":103,"column":22},"skip":true},{"start":{"line":105,"column":12},"end":{"line":106,"column":22},"skip":true}]},"11":{"line":89,"type":"binary-expr","locations":[{"start":{"line":89,"column":20},"end":{"line":89,"column":25},"skip":true},{"start":{"line":89,"column":29},"end":{"line":89,"column":48},"skip":true},{"start":{"line":89,"column":52},"end":{"line":89,"column":74},"skip":true}]},"12":{"line":92,"type":"if","locations":[{"start":{"line":92,"column":16},"end":{"line":92,"column":16},"skip":true},{"start":{"line":92,"column":16},"end":{"line":92,"column":16},"skip":true}]},"13":{"line":108,"type":"if","locations":[{"start":{"line":108,"column":12},"end":{"line":108,"column":12},"skip":true},{"start":{"line":108,"column":12},"end":{"line":108,"column":12},"skip":true}]},"14":{"line":108,"type":"binary-expr","locations":[{"start":{"line":108,"column":16},"end":{"line":108,"column":61},"skip":true},{"start":{"line":108,"column":66},"end":{"line":108,"column":72},"skip":true},{"start":{"line":108,"column":77},"end":{"line":108,"column":82},"skip":true},{"start":{"line":109,"column":20},"end":{"line":109,"column":39},"skip":true},{"start":{"line":110,"column":20},"end":{"line":110,"column":49},"skip":true},{"start":{"line":111,"column":20},"end":{"line":111,"column":58},"skip":true},{"start":{"line":112,"column":20},"end":{"line":112,"column":68},"skip":true}]},"15":{"line":129,"type":"if","locations":[{"start":{"line":129,"column":16},"end":{"line":129,"column":16},"skip":true},{"start":{"line":129,"column":16},"end":{"line":129,"column":16},"skip":true}]},"16":{"line":134,"type":"cond-expr","locations":[{"start":{"line":135,"column":26},"end":{"line":135,"column":29},"skip":true},{"start":{"line":136,"column":26},"end":{"line":136,"column":54},"skip":true}]},"17":{"line":164,"type":"binary-expr","locations":[{"start":{"line":164,"column":27},"end":{"line":164,"column":43},"skip":true},{"start":{"line":164,"column":47},"end":{"line":164,"column":49},"skip":true}]},"18":{"line":258,"type":"if","locations":[{"start":{"line":258,"column":8},"end":{"line":258,"column":8},"skip":true},{"start":{"line":258,"column":8},"end":{"line":258,"column":8},"skip":true}]},"19":{"line":275,"type":"switch","locations":[{"start":{"line":276,"column":20},"end":{"line":277,"column":64},"skip":true},{"start":{"line":278,"column":20},"end":{"line":279,"column":40},"skip":true},{"start":{"line":280,"column":20},"end":{"line":281,"column":40},"skip":true},{"start":{"line":282,"column":20},"end":{"line":283,"column":39},"skip":true}]},"20":{"line":288,"type":"if","locations":[{"start":{"line":288,"column":8},"end":{"line":288,"column":8},"skip":true},{"start":{"line":288,"column":8},"end":{"line":288,"column":8},"skip":true}]},"21":{"line":288,"type":"binary-expr","locations":[{"start":{"line":288,"column":12},"end":{"line":288,"column":40},"skip":true},{"start":{"line":288,"column":44},"end":{"line":288,"column":67},"skip":true}]},"22":{"line":292,"type":"binary-expr","locations":[{"start":{"line":292,"column":12},"end":{"line":292,"column":50},"skip":true},{"start":{"line":293,"column":12},"end":{"line":293,"column":53},"skip":true}]},"23":{"line":297,"type":"binary-expr","locations":[{"start":{"line":297,"column":12},"end":{"line":297,"column":73},"skip":true},{"start":{"line":298,"column":12},"end":{"line":301,"column":36},"skip":true}]},"24":{"line":303,"type":"binary-expr","locations":[{"start":{"line":303,"column":43},"end":{"line":303,"column":75},"skip":true},{"start":{"line":303,"column":79},"end":{"line":303,"column":81},"skip":true}]},"25":{"line":306,"type":"if","locations":[{"start":{"line":306,"column":8},"end":{"line":306,"column":8},"skip":true},{"start":{"line":306,"column":8},"end":{"line":306,"column":8},"skip":true}]},"26":{"line":310,"type":"if","locations":[{"start":{"line":310,"column":8},"end":{"line":310,"column":8},"skip":true},{"start":{"line":310,"column":8},"end":{"line":310,"column":8},"skip":true}]},"27":{"line":313,"type":"binary-expr","locations":[{"start":{"line":313,"column":27},"end":{"line":313,"column":43},"skip":true},{"start":{"line":313,"column":47},"end":{"line":313,"column":53},"skip":true}]},"28":{"line":317,"type":"if","locations":[{"start":{"line":317,"column":12},"end":{"line":317,"column":12},"skip":true},{"start":{"line":317,"column":12},"end":{"line":317,"column":12},"skip":true}]}},"code":["/*","example.js","","quickstart example","","instruction","    1. save this script as example.js","    2. run the shell command:","        $ npm install npmtest-grunt-run-grunt && PORT=8081 node example.js","    3. play with the browser-demo on http://127.0.0.1:8081","*/","","","","/* istanbul instrument in package npmtest_grunt_run_grunt */","/*jslint","    bitwise: true,","    browser: true,","    maxerr: 8,","    maxlen: 96,","    node: true,","    nomen: true,","    regexp: true,","    stupid: true","*/","(function () {","    'use strict';","    var local;","","","","    // run shared js-env code - init-before","    (function () {","        // init local","        local = {};","        // init modeJs","        local.modeJs = (function () {","            try {","                return typeof navigator.userAgent === 'string' &&","                    typeof document.querySelector('body') === 'object' &&","                    typeof XMLHttpRequest.prototype.open === 'function' &&","                    'browser';","            } catch (errorCaughtBrowser) {","                return module.exports &&","                    typeof process.versions.node === 'string' &&","                    typeof require('http').createServer === 'function' &&","                    'node';","            }","        }());","        // init global","        local.global = local.modeJs === 'browser'","            ? window","            : global;","        // init utility2_rollup","        local = local.global.utility2_rollup || (local.modeJs === 'browser'","            ? local.global.utility2_npmtest_grunt_run_grunt","            : global.utility2_moduleExports);","        // export local","        local.global.local = local;","    }());","    switch (local.modeJs) {","","","","    // init-after","    // run browser js-env code - init-after","    /* istanbul ignore next */","    case 'browser':","        local.testRunBrowser = function (event) {","            if (!event || (event &&","                    event.currentTarget &&","                    event.currentTarget.className &&","                    event.currentTarget.className.includes &&","                    event.currentTarget.className.includes('onreset'))) {","                // reset output","                Array.from(","                    document.querySelectorAll('body > .resettable')","                ).forEach(function (element) {","                    switch (element.tagName) {","                    case 'INPUT':","                    case 'TEXTAREA':","                        element.value = '';","                        break;","                    default:","                        element.textContent = '';","                    }","                });","            }","            switch (event && event.currentTarget && event.currentTarget.id) {","            case 'testRunButton1':","                // show tests","                if (document.querySelector('#testReportDiv1').style.display === 'none') {","                    document.querySelector('#testReportDiv1').style.display = 'block';","                    document.querySelector('#testRunButton1').textContent =","                        'hide internal test';","                    local.modeTest = true;","                    local.testRunDefault(local);","                // hide tests","                } else {","                    document.querySelector('#testReportDiv1').style.display = 'none';","                    document.querySelector('#testRunButton1').textContent = 'run internal test';","                }","                break;","            // custom-case","            default:","                break;","            }","            if (document.querySelector('#inputTextareaEval1') && (!event || (event &&","                    event.currentTarget &&","                    event.currentTarget.className &&","                    event.currentTarget.className.includes &&","                    event.currentTarget.className.includes('oneval')))) {","                // try to eval input-code","                try {","                    /*jslint evil: true*/","                    eval(document.querySelector('#inputTextareaEval1').value);","                } catch (errorCaught) {","                    console.error(errorCaught);","                }","            }","        };","        // log stderr and stdout to #outputTextareaStdout1","        ['error', 'log'].forEach(function (key) {","            console[key + '_original'] = console[key];","            console[key] = function () {","                var element;","                console[key + '_original'].apply(console, arguments);","                element = document.querySelector('#outputTextareaStdout1');","                if (!element) {","                    return;","                }","                // append text to #outputTextareaStdout1","                element.value += Array.from(arguments).map(function (arg) {","                    return typeof arg === 'string'","                        ? arg","                        : JSON.stringify(arg, null, 4);","                }).join(' ') + '\\n';","                // scroll textarea to bottom","                element.scrollTop = element.scrollHeight;","            };","        });","        // init event-handling","        ['change', 'click', 'keyup'].forEach(function (event) {","            Array.from(document.querySelectorAll('.on' + event)).forEach(function (element) {","                element.addEventListener(event, local.testRunBrowser);","            });","        });","        // run tests","        local.testRunBrowser();","        break;","","","","    // run node js-env code - init-after","    /* istanbul ignore next */","    case 'node':","        // export local","        module.exports = local;","        // require modules","        local.fs = require('fs');","        local.http = require('http');","        local.url = require('url');","        // init assets","        local.assetsDict = local.assetsDict || {};","        /* jslint-ignore-begin */","        local.assetsDict['/assets.index.template.html'] = '\\","<!doctype html>\\n\\","<html lang=\"en\">\\n\\","<head>\\n\\","<meta charset=\"UTF-8\">\\n\\","<meta name=\"viewport\" content=\"width=device-width, initial-scale=1\">\\n\\","<title>{{env.npm_package_name}} (v{{env.npm_package_version}})</title>\\n\\","<style>\\n\\","/*csslint\\n\\","    box-sizing: false,\\n\\","    universal-selector: false\\n\\","*/\\n\\","* {\\n\\","    box-sizing: border-box;\\n\\","}\\n\\","body {\\n\\","    background: #dde;\\n\\","    font-family: Arial, Helvetica, sans-serif;\\n\\","    margin: 2rem;\\n\\","}\\n\\","body > * {\\n\\","    margin-bottom: 1rem;\\n\\","}\\n\\",".utility2FooterDiv {\\n\\","    margin-top: 20px;\\n\\","    text-align: center;\\n\\","}\\n\\","</style>\\n\\","<style>\\n\\","/*csslint\\n\\","*/\\n\\","textarea {\\n\\","    font-family: monospace;\\n\\","    height: 10rem;\\n\\","    width: 100%;\\n\\","}\\n\\","textarea[readonly] {\\n\\","    background: #ddd;\\n\\","}\\n\\","</style>\\n\\","</head>\\n\\","<body>\\n\\","<!-- utility2-comment\\n\\","<div id=\"ajaxProgressDiv1\" style=\"background: #d00; height: 2px; left: 0; margin: 0; padding: 0; position: fixed; top: 0; transition: background 0.5s, width 1.5s; width: 25%;\"></div>\\n\\","utility2-comment -->\\n\\","<h1>\\n\\","<!-- utility2-comment\\n\\","    <a\\n\\","        {{#if env.npm_package_homepage}}\\n\\","        href=\"{{env.npm_package_homepage}}\"\\n\\","        {{/if env.npm_package_homepage}}\\n\\","        target=\"_blank\"\\n\\","    >\\n\\","utility2-comment -->\\n\\","        {{env.npm_package_name}} (v{{env.npm_package_version}})\\n\\","<!-- utility2-comment\\n\\","    </a>\\n\\","utility2-comment -->\\n\\","</h1>\\n\\","<h3>{{env.npm_package_description}}</h3>\\n\\","<!-- utility2-comment\\n\\","<h4><a download href=\"assets.app.js\">download standalone app</a></h4>\\n\\","<button class=\"onclick onreset\" id=\"testRunButton1\">run internal test</button><br>\\n\\","<div id=\"testReportDiv1\" style=\"display: none;\"></div>\\n\\","utility2-comment -->\\n\\","\\n\\","\\n\\","\\n\\","<label>stderr and stdout</label>\\n\\","<textarea class=\"resettable\" id=\"outputTextareaStdout1\" readonly></textarea>\\n\\","<!-- utility2-comment\\n\\","{{#if isRollup}}\\n\\","<script src=\"assets.app.js\"></script>\\n\\","{{#unless isRollup}}\\n\\","utility2-comment -->\\n\\","<script src=\"assets.utility2.rollup.js\"></script>\\n\\","<script src=\"jsonp.utility2._stateInit?callback=window.utility2._stateInit\"></script>\\n\\","<script src=\"assets.npmtest_grunt_run_grunt.rollup.js\"></script>\\n\\","<script src=\"assets.example.js\"></script>\\n\\","<script src=\"assets.test.js\"></script>\\n\\","<!-- utility2-comment\\n\\","{{/if isRollup}}\\n\\","utility2-comment -->\\n\\","<div class=\"utility2FooterDiv\">\\n\\","    [ this app was created with\\n\\","    <a href=\"https://github.com/kaizhu256/node-utility2\" target=\"_blank\">utility2</a>\\n\\","    ]\\n\\","</div>\\n\\","</body>\\n\\","</html>\\n\\","';","        /* jslint-ignore-end */","        if (local.templateRender) {","            local.assetsDict['/'] = local.templateRender(","                local.assetsDict['/assets.index.template.html'],","                {","                    env: local.objectSetDefault(local.env, {","                        npm_package_description: 'the greatest app in the world!',","                        npm_package_name: 'my-app',","                        npm_package_nameAlias: 'my_app',","                        npm_package_version: '0.0.1'","                    })","                }","            );","        } else {","            local.assetsDict['/'] = local.assetsDict['/assets.index.template.html']","                .replace((/\\{\\{env\\.(\\w+?)\\}\\}/g), function (match0, match1) {","                    // jslint-hack","                    String(match0);","                    switch (match1) {","                    case 'npm_package_description':","                        return 'the greatest app in the world!';","                    case 'npm_package_name':","                        return 'my-app';","                    case 'npm_package_nameAlias':","                        return 'my_app';","                    case 'npm_package_version':","                        return '0.0.1';","                    }","                });","        }","        // run the cli","        if (local.global.utility2_rollup || module !== require.main) {","            break;","        }","        local.assetsDict['/assets.example.js'] =","            local.assetsDict['/assets.example.js'] ||","            local.fs.readFileSync(__filename, 'utf8');","        // bug-workaround - long $npm_package_buildCustomOrg","        /* jslint-ignore-begin */","        local.assetsDict['/assets.npmtest_grunt_run_grunt.rollup.js'] =","            local.assetsDict['/assets.npmtest_grunt_run_grunt.rollup.js'] ||","            local.fs.readFileSync(","                local.npmtest_grunt_run_grunt.__dirname + '/lib.npmtest_grunt_run_grunt.js',","                'utf8'","            ).replace((/^#!/), '//');","        /* jslint-ignore-end */","        local.assetsDict['/favicon.ico'] = local.assetsDict['/favicon.ico'] || '';","        // if $npm_config_timeout_exit exists,","        // then exit this process after $npm_config_timeout_exit ms","        if (Number(process.env.npm_config_timeout_exit)) {","            setTimeout(process.exit, Number(process.env.npm_config_timeout_exit));","        }","        // start server","        if (local.global.utility2_serverHttp1) {","            break;","        }","        process.env.PORT = process.env.PORT || '8081';","        console.error('server starting on port ' + process.env.PORT);","        local.http.createServer(function (request, response) {","            request.urlParsed = local.url.parse(request.url);","            if (local.assetsDict[request.urlParsed.pathname] !== undefined) {","                response.end(local.assetsDict[request.urlParsed.pathname]);","                return;","            }","            response.statusCode = 404;","            response.end();","        }).listen(process.env.PORT);","        break;","    }","}());",""],"l":{"26":2,"28":2,"33":2,"35":2,"37":2,"38":2,"39":2,"44":1,"51":2,"55":2,"59":2,"61":2,"69":1,"70":2,"76":2,"79":2,"82":2,"83":2,"85":1,"89":2,"92":1,"93":1,"94":1,"96":1,"97":1,"100":1,"101":1,"103":1,"106":1,"108":2,"114":1,"116":1,"118":1,"123":1,"124":2,"125":2,"126":3,"127":3,"128":3,"129":3,"130":1,"133":3,"134":3,"139":3,"143":1,"144":3,"145":1,"149":1,"150":1,"158":1,"160":1,"161":1,"162":1,"164":1,"166":1,"258":1,"259":1,"271":1,"274":6,"275":6,"277":1,"279":2,"281":1,"283":2,"288":1,"289":1,"291":1,"296":1,"303":1,"306":1,"307":1,"310":1,"311":1,"313":1,"314":1,"315":1,"316":1,"317":1,"318":1,"319":1,"321":1,"322":1,"324":1}},"/home/travis/build/npmtest/node-npmtest-grunt-run-grunt/node_modules/grunt-run-grunt/lib/lib.js":{"path":"/home/travis/build/npmtest/node-npmtest-grunt-run-grunt/node_modules/grunt-run-grunt/lib/lib.js","s":{"1":1,"2":0,"3":1},"b":{"1":[0,0]},"f":{"1":0},"fnMap":{"1":{"name":"pluralise","line":3,"loc":{"start":{"line":3,"column":0},"end":{"line":3,"column":31}}}},"statementMap":{"1":{"start":{"line":3,"column":0},"end":{"line":5,"column":1}},"2":{"start":{"line":4,"column":1},"end":{"line":4,"column":53}},"3":{"start":{"line":7,"column":0},"end":{"line":11,"column":2}}},"branchMap":{"1":{"line":4,"type":"cond-expr","locations":[{"start":{"line":4,"column":43},"end":{"line":4,"column":45}},{"start":{"line":4,"column":48},"end":{"line":4,"column":51}}]}},"code":["","","function pluralise(count, str) {","\treturn count + ' ' + str + (count === 1 ? '' : 's');","}","","module.exports = {","\tnub: '--> '.cyan,","\tpluralise: pluralise,","\tindentLog: '  |  '","};"],"l":{"3":1,"4":0,"7":1}},"/home/travis/build/npmtest/node-npmtest-grunt-run-grunt/node_modules/grunt-run-grunt/lib/parsers.js":{"path":"/home/travis/build/npmtest/node-npmtest-grunt-run-grunt/node_modules/grunt-run-grunt/lib/parsers.js","s":{"1":1,"2":1,"3":1,"4":1,"5":0,"6":0,"7":0,"8":0,"9":0,"10":0,"11":0,"12":0,"13":0,"14":0,"15":0,"16":0,"17":0,"18":0,"19":0,"20":0,"21":0,"22":0,"23":1},"b":{"1":[0,0]},"f":{"1":0},"fnMap":{"1":{"name":"parseHelp","line":9,"loc":{"start":{"line":9,"column":0},"end":{"line":9,"column":27}}}},"statementMap":{"1":{"start":{"line":3,"column":0},"end":{"line":3,"column":65}},"2":{"start":{"line":4,"column":0},"end":{"line":4,"column":79}},"3":{"start":{"line":7,"column":0},"end":{"line":7,"column":103}},"4":{"start":{"line":9,"column":0},"end":{"line":44,"column":1}},"5":{"start":{"line":10,"column":1},"end":{"line":13,"column":3}},"6":{"start":{"line":15,"column":1},"end":{"line":15,"column":18}},"7":{"start":{"line":16,"column":1},"end":{"line":16,"column":15}},"8":{"start":{"line":18,"column":1},"end":{"line":18,"column":24}},"9":{"start":{"line":19,"column":1},"end":{"line":19,"column":40}},"10":{"start":{"line":21,"column":1},"end":{"line":42,"column":2}},"11":{"start":{"line":22,"column":2},"end":{"line":22,"column":50}},"12":{"start":{"line":25,"column":2},"end":{"line":25,"column":28}},"13":{"start":{"line":26,"column":2},"end":{"line":31,"column":3}},"14":{"start":{"line":27,"column":3},"end":{"line":27,"column":55}},"15":{"start":{"line":28,"column":3},"end":{"line":28,"column":29}},"16":{"start":{"line":30,"column":3},"end":{"line":30,"column":58}},"17":{"start":{"line":34,"column":2},"end":{"line":34,"column":32}},"18":{"start":{"line":35,"column":2},"end":{"line":41,"column":3}},"19":{"start":{"line":36,"column":3},"end":{"line":36,"column":55}},"20":{"start":{"line":37,"column":3},"end":{"line":37,"column":33}},"21":{"start":{"line":40,"column":3},"end":{"line":40,"column":77}},"22":{"start":{"line":43,"column":1},"end":{"line":43,"column":15}},"23":{"start":{"line":46,"column":0},"end":{"line":48,"column":2}}},"branchMap":{"1":{"line":21,"type":"if","locations":[{"start":{"line":21,"column":1},"end":{"line":21,"column":1}},{"start":{"line":21,"column":1},"end":{"line":21,"column":1}}]}},"code":["","//TODO swap this for XRegExp","var startExp = /(?:\\r\\n|\\r|\\n){2}Available tasks(?:\\r\\n|\\r|\\n)/g;","var taskExp = /[ ]{2}[ ]*([\\w_-]+)[ ]{2}([ \\w_\"'-]+?)[ ]\\*[ ]*(?:\\r\\n|\\r|\\n)/g;","","// without delimiting first and last quote","var aliasRegExp = / +([\\w_:-]+)  Alias for \"([\\S \\t]+(?:\",\\s+\"[\\S \\t]+)*?)\"\\s+tasks?.+(?:\\r\\n|\\r|\\n)/g;","","function parseHelp(output) {","\tvar result = {","\t\ttask: {},","\t\talias: {}","\t};","","\tvar elementMatch;","\tvar nextI = 0;","","\tstartExp.lastIndex = 0;","\tvar startMatch = startExp.exec(output);","","\tif (startMatch) {","\t\tnextI = startMatch.index + startMatch[0].length;","","\t\t// tasks","\t\ttaskExp.lastIndex = nextI;","\t\twhile ((elementMatch = taskExp.exec(output))) {","\t\t\tnextI = elementMatch.index + elementMatch[0].length;","\t\t\ttaskExp.lastIndex = nextI;","\t\t\t//TODO add proper map object","\t\t\tresult.task[elementMatch[1]] = String(elementMatch[2]);","\t\t}","","\t\t// aliases","\t\taliasRegExp.lastIndex = nextI;","\t\twhile ((elementMatch = aliasRegExp.exec(output))) {","\t\t\tnextI = elementMatch.index + elementMatch[0].length;","\t\t\taliasRegExp.lastIndex = nextI;","\t\t\t//TODO add proper map object","\t\t\t// restore quotes and parse as JSON array","\t\t\tresult.alias[elementMatch[1]] = JSON.parse('[\"' + elementMatch[2] + '\"]');","\t\t}","\t}","\treturn result;","}","","module.exports = {","\tparseHelp: parseHelp","};"],"l":{"3":1,"4":1,"7":1,"9":1,"10":0,"15":0,"16":0,"18":0,"19":0,"21":0,"22":0,"25":0,"26":0,"27":0,"28":0,"30":0,"34":0,"35":0,"36":0,"37":0,"40":0,"43":0,"46":1}},"/home/travis/build/npmtest/node-npmtest-grunt-run-grunt/node_modules/grunt-run-grunt/tasks/run_grunt.js":{"path":"/home/travis/build/npmtest/node-npmtest-grunt-run-grunt/node_modules/grunt-run-grunt/tasks/run_grunt.js","s":{"1":1,"2":1,"3":1,"4":1,"5":1,"6":1,"7":0,"8":0,"9":0,"10":0,"11":0,"12":0,"13":0,"14":0,"15":0,"16":0,"17":0,"18":0,"19":0,"20":0,"21":0,"22":0,"23":0,"24":0,"25":0,"26":0,"27":0,"28":0,"29":0,"30":0,"31":0,"32":0,"33":0,"34":0,"35":0,"36":0,"37":0,"38":0,"39":0,"40":0,"41":0,"42":0,"43":0,"44":0,"45":0,"46":0,"47":0,"48":0,"49":0,"50":0,"51":0,"52":0,"53":0,"54":0,"55":0,"56":0,"57":0,"58":0,"59":0,"60":0,"61":0,"62":0,"63":0,"64":0,"65":0,"66":0,"67":0,"68":0,"69":0,"70":0,"71":0,"72":0,"73":0,"74":0,"75":0,"76":0,"77":0,"78":0,"79":0,"80":0},"b":{"1":[0,0],"2":[0,0],"3":[0,0],"4":[0,0,0],"5":[0,0],"6":[0,0,0],"7":[0,0],"8":[0,0],"9":[0,0],"10":[0,0],"11":[0,0],"12":[0,0],"13":[0,0],"14":[0,0],"15":[0,0],"16":[0,0]},"f":{"1":0,"2":0,"3":0,"4":0,"5":0,"6":0,"7":0,"8":0,"9":0,"10":0,"11":0},"fnMap":{"1":{"name":"(anonymous_1)","line":48,"loc":{"start":{"line":48,"column":17},"end":{"line":48,"column":34}}},"2":{"name":"(anonymous_2)","line":52,"loc":{"start":{"line":52,"column":16},"end":{"line":52,"column":28}}},"3":{"name":"(anonymous_3)","line":58,"loc":{"start":{"line":58,"column":74},"end":{"line":58,"column":86}}},"4":{"name":"(anonymous_4)","line":67,"loc":{"start":{"line":67,"column":14},"end":{"line":67,"column":26}}},"5":{"name":"(anonymous_5)","line":83,"loc":{"start":{"line":83,"column":27},"end":{"line":83,"column":47}}},"6":{"name":"(anonymous_6)","line":103,"loc":{"start":{"line":103,"column":59},"end":{"line":103,"column":89}}},"7":{"name":"(anonymous_7)","line":113,"loc":{"start":{"line":113,"column":23},"end":{"line":113,"column":45}}},"8":{"name":"(anonymous_8)","line":118,"loc":{"start":{"line":118,"column":21},"end":{"line":118,"column":43}}},"9":{"name":"(anonymous_9)","line":135,"loc":{"start":{"line":135,"column":59},"end":{"line":135,"column":82}}},"10":{"name":"(anonymous_10)","line":153,"loc":{"start":{"line":153,"column":5},"end":{"line":153,"column":20}}},"11":{"name":"(anonymous_11)","line":165,"loc":{"start":{"line":165,"column":20},"end":{"line":165,"column":35}}}},"statementMap":{"1":{"start":{"line":9,"column":0},"end":{"line":9,"column":34}},"2":{"start":{"line":10,"column":0},"end":{"line":10,"column":26}},"3":{"start":{"line":12,"column":0},"end":{"line":12,"column":65}},"4":{"start":{"line":15,"column":0},"end":{"line":27,"column":2}},"5":{"start":{"line":30,"column":0},"end":{"line":46,"column":2}},"6":{"start":{"line":48,"column":0},"end":{"line":194,"column":2}},"7":{"start":{"line":51,"column":1},"end":{"line":51,"column":32}},"8":{"start":{"line":52,"column":1},"end":{"line":55,"column":3}},"9":{"start":{"line":53,"column":2},"end":{"line":53,"column":48}},"10":{"start":{"line":54,"column":2},"end":{"line":54,"column":43}},"11":{"start":{"line":58,"column":1},"end":{"line":193,"column":4}},"12":{"start":{"line":60,"column":2},"end":{"line":60,"column":42}},"13":{"start":{"line":61,"column":2},"end":{"line":61,"column":55}},"14":{"start":{"line":63,"column":2},"end":{"line":63,"column":27}},"15":{"start":{"line":64,"column":2},"end":{"line":64,"column":26}},"16":{"start":{"line":66,"column":2},"end":{"line":72,"column":3}},"17":{"start":{"line":67,"column":3},"end":{"line":71,"column":5}},"18":{"start":{"line":68,"column":4},"end":{"line":68,"column":24}},"19":{"start":{"line":69,"column":4},"end":{"line":69,"column":62}},"20":{"start":{"line":70,"column":4},"end":{"line":70,"column":36}},"21":{"start":{"line":75,"column":2},"end":{"line":75,"column":26}},"22":{"start":{"line":76,"column":2},"end":{"line":76,"column":18}},"23":{"start":{"line":77,"column":2},"end":{"line":77,"column":18}},"24":{"start":{"line":78,"column":2},"end":{"line":78,"column":18}},"25":{"start":{"line":79,"column":2},"end":{"line":79,"column":25}},"26":{"start":{"line":80,"column":2},"end":{"line":80,"column":18}},"27":{"start":{"line":82,"column":2},"end":{"line":82,"column":17}},"28":{"start":{"line":83,"column":2},"end":{"line":89,"column":5}},"29":{"start":{"line":84,"column":3},"end":{"line":87,"column":4}},"30":{"start":{"line":85,"column":4},"end":{"line":85,"column":71}},"31":{"start":{"line":86,"column":4},"end":{"line":86,"column":17}},"32":{"start":{"line":88,"column":3},"end":{"line":88,"column":24}},"33":{"start":{"line":91,"column":2},"end":{"line":95,"column":3}},"34":{"start":{"line":92,"column":3},"end":{"line":92,"column":139}},"35":{"start":{"line":93,"column":3},"end":{"line":93,"column":10}},"36":{"start":{"line":94,"column":3},"end":{"line":94,"column":10}},"37":{"start":{"line":96,"column":2},"end":{"line":100,"column":3}},"38":{"start":{"line":97,"column":3},"end":{"line":97,"column":133}},"39":{"start":{"line":98,"column":3},"end":{"line":98,"column":10}},"40":{"start":{"line":99,"column":3},"end":{"line":99,"column":10}},"41":{"start":{"line":103,"column":2},"end":{"line":192,"column":5}},"42":{"start":{"line":104,"column":3},"end":{"line":104,"column":13}},"43":{"start":{"line":106,"column":3},"end":{"line":110,"column":5}},"44":{"start":{"line":113,"column":3},"end":{"line":115,"column":6}},"45":{"start":{"line":114,"column":4},"end":{"line":114,"column":35}},"46":{"start":{"line":118,"column":3},"end":{"line":127,"column":6}},"47":{"start":{"line":119,"column":4},"end":{"line":126,"column":5}},"48":{"start":{"line":120,"column":5},"end":{"line":125,"column":6}},"49":{"start":{"line":121,"column":6},"end":{"line":121,"column":34}},"50":{"start":{"line":124,"column":6},"end":{"line":124,"column":42}},"51":{"start":{"line":130,"column":3},"end":{"line":130,"column":51}},"52":{"start":{"line":132,"column":3},"end":{"line":132,"column":68}},"53":{"start":{"line":135,"column":3},"end":{"line":151,"column":6}},"54":{"start":{"line":137,"column":4},"end":{"line":150,"column":5}},"55":{"start":{"line":138,"column":5},"end":{"line":138,"column":61}},"56":{"start":{"line":141,"column":5},"end":{"line":141,"column":67}},"57":{"start":{"line":142,"column":5},"end":{"line":148,"column":6}},"58":{"start":{"line":143,"column":6},"end":{"line":143,"column":26}},"59":{"start":{"line":144,"column":6},"end":{"line":144,"column":50}},"60":{"start":{"line":146,"column":6},"end":{"line":146,"column":26}},"61":{"start":{"line":147,"column":6},"end":{"line":147,"column":53}},"62":{"start":{"line":149,"column":5},"end":{"line":149,"column":27}},"63":{"start":{"line":154,"column":3},"end":{"line":190,"column":4}},"64":{"start":{"line":155,"column":4},"end":{"line":155,"column":21}},"65":{"start":{"line":156,"column":4},"end":{"line":156,"column":26}},"66":{"start":{"line":160,"column":4},"end":{"line":160,"column":52}},"67":{"start":{"line":164,"column":4},"end":{"line":180,"column":5}},"68":{"start":{"line":165,"column":5},"end":{"line":167,"column":8}},"69":{"start":{"line":166,"column":6},"end":{"line":166,"column":89}},"70":{"start":{"line":168,"column":5},"end":{"line":168,"column":27}},"71":{"start":{"line":170,"column":5},"end":{"line":170,"column":130}},"72":{"start":{"line":173,"column":5},"end":{"line":173,"column":27}},"73":{"start":{"line":174,"column":5},"end":{"line":179,"column":6}},"74":{"start":{"line":175,"column":6},"end":{"line":175,"column":95}},"75":{"start":{"line":178,"column":6},"end":{"line":178,"column":94}},"76":{"start":{"line":182,"column":4},"end":{"line":189,"column":5}},"77":{"start":{"line":183,"column":5},"end":{"line":188,"column":6}},"78":{"start":{"line":184,"column":6},"end":{"line":184,"column":45}},"79":{"start":{"line":187,"column":6},"end":{"line":187,"column":58}},"80":{"start":{"line":191,"column":3},"end":{"line":191,"column":10}}},"branchMap":{"1":{"line":66,"type":"if","locations":[{"start":{"line":66,"column":2},"end":{"line":66,"column":2}},{"start":{"line":66,"column":2},"end":{"line":66,"column":2}}]},"2":{"line":84,"type":"if","locations":[{"start":{"line":84,"column":3},"end":{"line":84,"column":3}},{"start":{"line":84,"column":3},"end":{"line":84,"column":3}}]},"3":{"line":91,"type":"if","locations":[{"start":{"line":91,"column":2},"end":{"line":91,"column":2}},{"start":{"line":91,"column":2},"end":{"line":91,"column":2}}]},"4":{"line":91,"type":"binary-expr","locations":[{"start":{"line":91,"column":6},"end":{"line":91,"column":38}},{"start":{"line":91,"column":42},"end":{"line":91,"column":66}},{"start":{"line":91,"column":70},"end":{"line":91,"column":105}}]},"5":{"line":96,"type":"if","locations":[{"start":{"line":96,"column":2},"end":{"line":96,"column":2}},{"start":{"line":96,"column":2},"end":{"line":96,"column":2}}]},"6":{"line":96,"type":"binary-expr","locations":[{"start":{"line":96,"column":6},"end":{"line":96,"column":38}},{"start":{"line":96,"column":42},"end":{"line":96,"column":66}},{"start":{"line":96,"column":70},"end":{"line":96,"column":105}}]},"7":{"line":119,"type":"if","locations":[{"start":{"line":119,"column":4},"end":{"line":119,"column":4}},{"start":{"line":119,"column":4},"end":{"line":119,"column":4}}]},"8":{"line":120,"type":"if","locations":[{"start":{"line":120,"column":5},"end":{"line":120,"column":5}},{"start":{"line":120,"column":5},"end":{"line":120,"column":5}}]},"9":{"line":137,"type":"if","locations":[{"start":{"line":137,"column":4},"end":{"line":137,"column":4}},{"start":{"line":137,"column":4},"end":{"line":137,"column":4}}]},"10":{"line":138,"type":"binary-expr","locations":[{"start":{"line":138,"column":14},"end":{"line":138,"column":17}},{"start":{"line":138,"column":21},"end":{"line":138,"column":59}}]},"11":{"line":142,"type":"if","locations":[{"start":{"line":142,"column":5},"end":{"line":142,"column":5}},{"start":{"line":142,"column":5},"end":{"line":142,"column":5}}]},"12":{"line":154,"type":"if","locations":[{"start":{"line":154,"column":3},"end":{"line":154,"column":3}},{"start":{"line":154,"column":3},"end":{"line":154,"column":3}}]},"13":{"line":164,"type":"if","locations":[{"start":{"line":164,"column":4},"end":{"line":164,"column":4}},{"start":{"line":164,"column":4},"end":{"line":164,"column":4}}]},"14":{"line":174,"type":"if","locations":[{"start":{"line":174,"column":5},"end":{"line":174,"column":5}},{"start":{"line":174,"column":5},"end":{"line":174,"column":5}}]},"15":{"line":182,"type":"if","locations":[{"start":{"line":182,"column":4},"end":{"line":182,"column":4}},{"start":{"line":182,"column":4},"end":{"line":182,"column":4}}]},"16":{"line":183,"type":"if","locations":[{"start":{"line":183,"column":5},"end":{"line":183,"column":5}},{"start":{"line":183,"column":5},"end":{"line":183,"column":5}}]}},"code":["/*"," * grunt-run-grunt * https://github.com/Bartvds/grunt-run-grunt *"," * Copyright (c) 2013 Bart van der Schoor"," * Licensed under the MIT license."," */","","'use strict';","","var lib = require('./../lib/lib');","var _ = require('lodash');","","var runGruntfile = require('./../lib/runGruntfile').runGruntfile;","","// with flag type","var cliParams = {","\thelp: 'flag',","\tbase: 'string',","\t'no-color': 'flag',","\tdebug: 'flag',","\tstack: 'flag',","\tforce: 'flag',","\ttasks: 'string',","\tnpm: 'string',","\t'no-write': 'flag',","\tverbose: 'flag',","\tversion: 'flag'","};","","// with default values","var baseOptions = {","\tcwd: null,","\tlog: true,","\tlogFile: null,","\t//noAnsi: true,","\tdebugCli: false,","\twriteShell: null,","\tindentLog: lib.indentLog,","\tprocess: null,","\tminimumFiles: 1,","\tmaximumFiles: 10,","\tconcurrent: require('os').cpus().length,","\texpectFail: false,","\tparser: null,","\tenv: {},","\tgruntOptions: {}","};","","module.exports = function (grunt) {","","\t// experimental inversions","\tvar warnReal = grunt.fail.warn;","\tvar warnFake = function () {","\t\targuments[0] = 'Warning '.cyan + arguments[0];","\t\tgrunt.log.writeln.apply(null, arguments);","\t};","","\t// main task","\tgrunt.registerMultiTask('run_grunt', 'Run grunt-cli from within grunt.', function () {","","\t\tvar options = this.options(baseOptions);","\t\toptions.concurrent = Math.max(1, options.concurrent);","","\t\tvar warnIsCalled = false;","\t\tvar warnFail = warnReal;","","\t\tif (options.expectFail) {","\t\t\twarnFail = function () {","\t\t\t\twarnIsCalled = true;","\t\t\t\targuments[0] = '<ignored> '.yellow + String(arguments[0]);","\t\t\t\twarnFake.apply(null, arguments);","\t\t\t};","\t\t}","","\t\t//var self = this;","\t\tvar done = this.async();","\t\tvar self = this;","\t\tvar failed = [];","\t\tvar passed = [];","\t\tvar start = Date.now();","\t\tvar counter = 0;","","\t\tvar files = [];","\t\t_.forEach(this.filesSrc, function (filePath) {","\t\t\tif (!grunt.file.exists(filePath)) {","\t\t\t\tgrunt.log.writeln(lib.nub + 'not found \"' + filePath + '\"'.yellow);","\t\t\t\treturn false;","\t\t\t}","\t\t\tfiles.push(filePath);","\t\t});","","\t\tif (_.isNumber(options.minimumFiles) && options.minimumFiles > 0 && files.length < options.minimumFiles) {","\t\t\tgrunt.fail.warn('expected at least ' + lib.pluralise(options.minimumFiles, 'gruntfile') + ' but ' + ('found only ' + files.length).red);","\t\t\tdone();","\t\t\treturn;","\t\t}","\t\tif (_.isNumber(options.maximumFiles) && options.maximumFiles > 0 && files.length > options.maximumFiles) {","\t\t\tgrunt.fail.warn('expected at most ' + lib.pluralise(options.maximumFiles, 'gruntfile') + ' but ' + ('found ' + files.length).red);","\t\t\tdone();","\t\t\treturn;","\t\t}","","\t\t// loop gruntfiles","\t\tgrunt.util.async.forEachLimit(files, options.concurrent, function (filePath, callback) {","\t\t\tcounter++;","","\t\t\tvar runOptions = {","\t\t\t\ttarget: self.target,","\t\t\t\ttask: options.task,","\t\t\t\targs: {}","\t\t\t};","","\t\t\t// loop default keys but read from options","\t\t\t_.each(baseOptions, function (value, key) {","\t\t\t\trunOptions[key] = options[key];","\t\t\t});","","\t\t\t// import grunt-cli params","\t\t\t_.each(cliParams, function (value, key) {","\t\t\t\tif (!_.isUndefined(options[key])) {","\t\t\t\t\tif (cliParams[key] === 'flag') {","\t\t\t\t\t\trunOptions.args[key] = true;","\t\t\t\t\t}","\t\t\t\t\telse {","\t\t\t\t\t\trunOptions.args[key] = options[key];","\t\t\t\t\t}","\t\t\t\t}","\t\t\t});","","\t\t\t//import grunt options","\t\t\t_.assign(runOptions.args, options.gruntOptions);","","\t\t\tgrunt.log.writeln(lib.nub + 'starting ' + ' \"' + filePath + '\"');","","\t\t\t// run it","\t\t\trunGruntfile(grunt, filePath, options.task, runOptions, function (err, result) {","","\t\t\t\tif (!result) {","\t\t\t\t\tcallback(err || new Error('no result for ' + filePath));","\t\t\t\t}","\t\t\t\telse {","\t\t\t\t\tvar end = ' \"' + filePath + '\" (' + (result.duration) + 'ms)';","\t\t\t\t\tif (result.fail) {","\t\t\t\t\t\tfailed.push(result);","\t\t\t\t\t\tgrunt.log.writeln(lib.nub + 'failed' + end);","\t\t\t\t\t} else {","\t\t\t\t\t\tpassed.push(result);","\t\t\t\t\t\tgrunt.log.writeln(lib.nub + 'finished ' + end);","\t\t\t\t\t}","\t\t\t\t\tcallback(err, result);","\t\t\t\t}","\t\t\t});","","\t\t}, function (err) {","\t\t\tif (err) {","\t\t\t\tconsole.dir(err);","\t\t\t\tgrunt.fail.fatal(err);","\t\t\t}","\t\t\telse {","\t\t\t\t// fancy report","\t\t\t\tvar end = ' (' + (Date.now() - start) + 'ms)\\n';","","\t\t\t\t//var total = passed.length + failed.length;","","\t\t\t\tif (failed.length > 0) {","\t\t\t\t\t_.each(failed, function (res) {","\t\t\t\t\t\tgrunt.log.writeln('--> failed '.red + res.options.target + ' @ \"' + res.src + '\"');","\t\t\t\t\t});","\t\t\t\t\tgrunt.log.writeln('');","","\t\t\t\t\twarnFail((lib.pluralise(failed.length, 'gruntfile') + ' failed').red + ' and ' + ('completed ' + passed.length).green + end);","\t\t\t\t}","\t\t\t\telse {","\t\t\t\t\tgrunt.log.writeln('');","\t\t\t\t\tif (passed.length === 0) {","\t\t\t\t\t\tgrunt.log.ok('completed ' + lib.pluralise(passed.length, 'gruntfile').yellow + '' + end);","\t\t\t\t\t}","\t\t\t\t\telse {","\t\t\t\t\t\tgrunt.log.ok('completed ' + lib.pluralise(passed.length, 'gruntfile').green + '' + end);","\t\t\t\t\t}","\t\t\t\t}","","\t\t\t\tif (options.expectFail) {","\t\t\t\t\tif (warnIsCalled) {","\t\t\t\t\t\tgrunt.log.ok('ignoring expected fail');","\t\t\t\t\t}","\t\t\t\t\telse {","\t\t\t\t\t\tgrunt.fail.warn('expected failure but got success');","\t\t\t\t\t}","\t\t\t\t}","\t\t\t}","\t\t\tdone();","\t\t});","\t});","};"],"l":{"9":1,"10":1,"12":1,"15":1,"30":1,"48":1,"51":0,"52":0,"53":0,"54":0,"58":0,"60":0,"61":0,"63":0,"64":0,"66":0,"67":0,"68":0,"69":0,"70":0,"75":0,"76":0,"77":0,"78":0,"79":0,"80":0,"82":0,"83":0,"84":0,"85":0,"86":0,"88":0,"91":0,"92":0,"93":0,"94":0,"96":0,"97":0,"98":0,"99":0,"103":0,"104":0,"106":0,"113":0,"114":0,"118":0,"119":0,"120":0,"121":0,"124":0,"130":0,"132":0,"135":0,"137":0,"138":0,"141":0,"142":0,"143":0,"144":0,"146":0,"147":0,"149":0,"154":0,"155":0,"156":0,"160":0,"164":0,"165":0,"166":0,"168":0,"170":0,"173":0,"174":0,"175":0,"178":0,"182":0,"183":0,"184":0,"187":0,"191":0}},"/home/travis/build/npmtest/node-npmtest-grunt-run-grunt/node_modules/grunt-run-grunt/lib/runGruntfile.js":{"path":"/home/travis/build/npmtest/node-npmtest-grunt-run-grunt/node_modules/grunt-run-grunt/lib/runGruntfile.js","s":{"1":1,"2":1,"3":1,"4":1,"5":0,"6":0,"7":0,"8":0,"9":0,"10":0,"11":0,"12":0,"13":0,"14":0,"15":0,"16":0,"17":1,"18":0,"19":0,"20":0,"21":0,"22":0,"23":0,"24":0,"25":0,"26":0,"27":0,"28":0,"29":0,"30":0,"31":0,"32":0,"33":0,"34":0,"35":0,"36":0,"37":0,"38":0,"39":0,"40":0,"41":0,"42":0,"43":0,"44":0,"45":0,"46":0,"47":0,"48":0,"49":0,"50":0,"51":0,"52":0,"53":0,"54":0,"55":0,"56":0,"57":0,"58":0,"59":0,"60":0,"61":0,"62":0,"63":0,"64":0,"65":0,"66":0,"67":0,"68":0,"69":0,"70":0,"71":0,"72":0,"73":0,"74":0,"75":0,"76":0,"77":0,"78":0,"79":0,"80":0,"81":0,"82":0,"83":0,"84":0,"85":1},"b":{"1":[0,0],"2":[0,0],"3":[0,0],"4":[0,0],"5":[0,0],"6":[0,0],"7":[0,0],"8":[0,0],"9":[0,0],"10":[0,0],"11":[0,0],"12":[0,0],"13":[0,0],"14":[0,0],"15":[0,0],"16":[0,0],"17":[0,0],"18":[0,0],"19":[0,0],"20":[0,0],"21":[0,0],"22":[0,0],"23":[0,0],"24":[0,0],"25":[0,0],"26":[0,0],"27":[0,0]},"f":{"1":0,"2":0,"3":0,"4":0,"5":0,"6":0,"7":0,"8":0},"fnMap":{"1":{"name":"writeShell","line":6,"loc":{"start":{"line":6,"column":0},"end":{"line":6,"column":54}}},"2":{"name":"runGruntfile","line":42,"loc":{"start":{"line":42,"column":0},"end":{"line":42,"column":60}}},"3":{"name":"(anonymous_3)","line":87,"loc":{"start":{"line":87,"column":20},"end":{"line":87,"column":38}}},"4":{"name":"(anonymous_4)","line":102,"loc":{"start":{"line":102,"column":17},"end":{"line":102,"column":39}}},"5":{"name":"(anonymous_5)","line":115,"loc":{"start":{"line":115,"column":18},"end":{"line":115,"column":34}}},"6":{"name":"(anonymous_6)","line":147,"loc":{"start":{"line":147,"column":2},"end":{"line":147,"column":28}}},"7":{"name":"(anonymous_7)","line":226,"loc":{"start":{"line":226,"column":25},"end":{"line":226,"column":41}}},"8":{"name":"(anonymous_8)","line":229,"loc":{"start":{"line":229,"column":25},"end":{"line":229,"column":41}}}},"statementMap":{"1":{"start":{"line":1,"column":0},"end":{"line":1,"column":27}},"2":{"start":{"line":2,"column":0},"end":{"line":2,"column":28}},"3":{"start":{"line":3,"column":0},"end":{"line":3,"column":35}},"4":{"start":{"line":6,"column":0},"end":{"line":40,"column":1}},"5":{"start":{"line":7,"column":1},"end":{"line":7,"column":30}},"6":{"start":{"line":8,"column":1},"end":{"line":10,"column":2}},"7":{"start":{"line":9,"column":2},"end":{"line":9,"column":41}},"8":{"start":{"line":12,"column":1},"end":{"line":12,"column":62}},"9":{"start":{"line":13,"column":1},"end":{"line":13,"column":55}},"10":{"start":{"line":16,"column":1},"end":{"line":16,"column":27}},"11":{"start":{"line":17,"column":1},"end":{"line":23,"column":14}},"12":{"start":{"line":24,"column":1},"end":{"line":24,"column":37}},"13":{"start":{"line":29,"column":1},"end":{"line":29,"column":29}},"14":{"start":{"line":30,"column":1},"end":{"line":36,"column":16}},"15":{"start":{"line":38,"column":1},"end":{"line":38,"column":44}},"16":{"start":{"line":39,"column":1},"end":{"line":39,"column":39}},"17":{"start":{"line":42,"column":0},"end":{"line":232,"column":1}},"18":{"start":{"line":46,"column":1},"end":{"line":46,"column":22}},"19":{"start":{"line":48,"column":1},"end":{"line":48,"column":21}},"20":{"start":{"line":49,"column":1},"end":{"line":49,"column":19}},"21":{"start":{"line":51,"column":1},"end":{"line":51,"column":99}},"22":{"start":{"line":54,"column":1},"end":{"line":76,"column":3}},"23":{"start":{"line":78,"column":1},"end":{"line":78,"column":28}},"24":{"start":{"line":81,"column":1},"end":{"line":83,"column":13}},"25":{"start":{"line":85,"column":1},"end":{"line":98,"column":2}},"26":{"start":{"line":86,"column":2},"end":{"line":93,"column":3}},"27":{"start":{"line":87,"column":3},"end":{"line":89,"column":6}},"28":{"start":{"line":88,"column":4},"end":{"line":88,"column":26}},"29":{"start":{"line":92,"column":3},"end":{"line":92,"column":24}},"30":{"start":{"line":101,"column":1},"end":{"line":101,"column":17}},"31":{"start":{"line":102,"column":1},"end":{"line":112,"column":4}},"32":{"start":{"line":103,"column":2},"end":{"line":111,"column":3}},"33":{"start":{"line":104,"column":3},"end":{"line":104,"column":22}},"34":{"start":{"line":107,"column":3},"end":{"line":107,"column":54}},"35":{"start":{"line":108,"column":3},"end":{"line":110,"column":4}},"36":{"start":{"line":109,"column":4},"end":{"line":109,"column":23}},"37":{"start":{"line":115,"column":1},"end":{"line":117,"column":4}},"38":{"start":{"line":116,"column":2},"end":{"line":116,"column":20}},"39":{"start":{"line":120,"column":1},"end":{"line":128,"column":2}},"40":{"start":{"line":121,"column":2},"end":{"line":125,"column":16}},"41":{"start":{"line":127,"column":2},"end":{"line":127,"column":24}},"42":{"start":{"line":131,"column":1},"end":{"line":133,"column":2}},"43":{"start":{"line":132,"column":2},"end":{"line":132,"column":47}},"44":{"start":{"line":136,"column":1},"end":{"line":143,"column":3}},"45":{"start":{"line":146,"column":1},"end":{"line":223,"column":3}},"46":{"start":{"line":148,"column":3},"end":{"line":148,"column":64}},"47":{"start":{"line":151,"column":3},"end":{"line":151,"column":22}},"48":{"start":{"line":152,"column":3},"end":{"line":152,"column":20}},"49":{"start":{"line":153,"column":3},"end":{"line":153,"column":22}},"50":{"start":{"line":154,"column":3},"end":{"line":154,"column":39}},"51":{"start":{"line":155,"column":3},"end":{"line":155,"column":27}},"52":{"start":{"line":156,"column":3},"end":{"line":156,"column":49}},"53":{"start":{"line":159,"column":3},"end":{"line":164,"column":4}},"54":{"start":{"line":160,"column":4},"end":{"line":160,"column":23}},"55":{"start":{"line":163,"column":4},"end":{"line":163,"column":24}},"56":{"start":{"line":166,"column":3},"end":{"line":172,"column":4}},"57":{"start":{"line":167,"column":4},"end":{"line":171,"column":5}},"58":{"start":{"line":168,"column":5},"end":{"line":168,"column":47}},"59":{"start":{"line":170,"column":5},"end":{"line":170,"column":64}},"60":{"start":{"line":175,"column":3},"end":{"line":197,"column":4}},"61":{"start":{"line":176,"column":4},"end":{"line":176,"column":38}},"62":{"start":{"line":177,"column":4},"end":{"line":196,"column":5}},"63":{"start":{"line":180,"column":9},"end":{"line":196,"column":5}},"64":{"start":{"line":182,"column":5},"end":{"line":182,"column":25}},"65":{"start":{"line":186,"column":5},"end":{"line":186,"column":24}},"66":{"start":{"line":188,"column":5},"end":{"line":188,"column":58}},"67":{"start":{"line":190,"column":5},"end":{"line":190,"column":93}},"68":{"start":{"line":192,"column":5},"end":{"line":195,"column":6}},"69":{"start":{"line":194,"column":6},"end":{"line":194,"column":40}},"70":{"start":{"line":200,"column":3},"end":{"line":209,"column":4}},"71":{"start":{"line":202,"column":4},"end":{"line":208,"column":5}},"72":{"start":{"line":204,"column":5},"end":{"line":204,"column":107}},"73":{"start":{"line":207,"column":5},"end":{"line":207,"column":38}},"74":{"start":{"line":211,"column":3},"end":{"line":218,"column":4}},"75":{"start":{"line":212,"column":4},"end":{"line":212,"column":30}},"76":{"start":{"line":213,"column":4},"end":{"line":215,"column":5}},"77":{"start":{"line":214,"column":5},"end":{"line":214,"column":47}},"78":{"start":{"line":216,"column":4},"end":{"line":216,"column":70}},"79":{"start":{"line":217,"column":4},"end":{"line":217,"column":41}},"80":{"start":{"line":221,"column":3},"end":{"line":221,"column":26}},"81":{"start":{"line":226,"column":1},"end":{"line":228,"column":4}},"82":{"start":{"line":227,"column":2},"end":{"line":227,"column":24}},"83":{"start":{"line":229,"column":1},"end":{"line":231,"column":4}},"84":{"start":{"line":230,"column":2},"end":{"line":230,"column":24}},"85":{"start":{"line":234,"column":0},"end":{"line":236,"column":2}}},"branchMap":{"1":{"line":8,"type":"if","locations":[{"start":{"line":8,"column":1},"end":{"line":8,"column":1}},{"start":{"line":8,"column":1},"end":{"line":8,"column":1}}]},"2":{"line":51,"type":"cond-expr","locations":[{"start":{"line":51,"column":66},"end":{"line":51,"column":83}},{"start":{"line":51,"column":86},"end":{"line":51,"column":97}}]},"3":{"line":51,"type":"binary-expr","locations":[{"start":{"line":51,"column":12},"end":{"line":51,"column":38}},{"start":{"line":51,"column":42},"end":{"line":51,"column":63}}]},"4":{"line":85,"type":"if","locations":[{"start":{"line":85,"column":1},"end":{"line":85,"column":1}},{"start":{"line":85,"column":1},"end":{"line":85,"column":1}}]},"5":{"line":86,"type":"if","locations":[{"start":{"line":86,"column":2},"end":{"line":86,"column":2}},{"start":{"line":86,"column":2},"end":{"line":86,"column":2}}]},"6":{"line":103,"type":"if","locations":[{"start":{"line":103,"column":2},"end":{"line":103,"column":2}},{"start":{"line":103,"column":2},"end":{"line":103,"column":2}}]},"7":{"line":107,"type":"cond-expr","locations":[{"start":{"line":107,"column":35},"end":{"line":107,"column":38}},{"start":{"line":107,"column":41},"end":{"line":107,"column":45}}]},"8":{"line":108,"type":"if","locations":[{"start":{"line":108,"column":3},"end":{"line":108,"column":3}},{"start":{"line":108,"column":3},"end":{"line":108,"column":3}}]},"9":{"line":108,"type":"binary-expr","locations":[{"start":{"line":108,"column":7},"end":{"line":108,"column":21}},{"start":{"line":108,"column":25},"end":{"line":108,"column":67}}]},"10":{"line":108,"type":"binary-expr","locations":[{"start":{"line":108,"column":27},"end":{"line":108,"column":42}},{"start":{"line":108,"column":46},"end":{"line":108,"column":66}}]},"11":{"line":120,"type":"if","locations":[{"start":{"line":120,"column":1},"end":{"line":120,"column":1}},{"start":{"line":120,"column":1},"end":{"line":120,"column":1}}]},"12":{"line":131,"type":"if","locations":[{"start":{"line":131,"column":1},"end":{"line":131,"column":1}},{"start":{"line":131,"column":1},"end":{"line":131,"column":1}}]},"13":{"line":141,"type":"binary-expr","locations":[{"start":{"line":141,"column":46},"end":{"line":141,"column":57}},{"start":{"line":141,"column":61},"end":{"line":141,"column":63}}]},"14":{"line":159,"type":"if","locations":[{"start":{"line":159,"column":3},"end":{"line":159,"column":3}},{"start":{"line":159,"column":3},"end":{"line":159,"column":3}}]},"15":{"line":159,"type":"binary-expr","locations":[{"start":{"line":159,"column":7},"end":{"line":159,"column":10}},{"start":{"line":159,"column":14},"end":{"line":159,"column":24}}]},"16":{"line":166,"type":"if","locations":[{"start":{"line":166,"column":3},"end":{"line":166,"column":3}},{"start":{"line":166,"column":3},"end":{"line":166,"column":3}}]},"17":{"line":167,"type":"if","locations":[{"start":{"line":167,"column":4},"end":{"line":167,"column":4}},{"start":{"line":167,"column":4},"end":{"line":167,"column":4}}]},"18":{"line":175,"type":"if","locations":[{"start":{"line":175,"column":3},"end":{"line":175,"column":3}},{"start":{"line":175,"column":3},"end":{"line":175,"column":3}}]},"19":{"line":177,"type":"if","locations":[{"start":{"line":177,"column":4},"end":{"line":177,"column":4}},{"start":{"line":177,"column":4},"end":{"line":177,"column":4}}]},"20":{"line":180,"type":"if","locations":[{"start":{"line":180,"column":9},"end":{"line":180,"column":9}},{"start":{"line":180,"column":9},"end":{"line":180,"column":9}}]},"21":{"line":192,"type":"if","locations":[{"start":{"line":192,"column":5},"end":{"line":192,"column":5}},{"start":{"line":192,"column":5},"end":{"line":192,"column":5}}]},"22":{"line":200,"type":"if","locations":[{"start":{"line":200,"column":3},"end":{"line":200,"column":3}},{"start":{"line":200,"column":3},"end":{"line":200,"column":3}}]},"23":{"line":200,"type":"binary-expr","locations":[{"start":{"line":200,"column":7},"end":{"line":200,"column":18}},{"start":{"line":200,"column":22},"end":{"line":200,"column":43}}]},"24":{"line":202,"type":"if","locations":[{"start":{"line":202,"column":4},"end":{"line":202,"column":4}},{"start":{"line":202,"column":4},"end":{"line":202,"column":4}}]},"25":{"line":202,"type":"binary-expr","locations":[{"start":{"line":202,"column":8},"end":{"line":202,"column":37}},{"start":{"line":202,"column":41},"end":{"line":202,"column":65}}]},"26":{"line":211,"type":"if","locations":[{"start":{"line":211,"column":3},"end":{"line":211,"column":3}},{"start":{"line":211,"column":3},"end":{"line":211,"column":3}}]},"27":{"line":213,"type":"if","locations":[{"start":{"line":213,"column":4},"end":{"line":213,"column":4}},{"start":{"line":213,"column":4},"end":{"line":213,"column":4}}]}},"code":["var path = require('path');","var conf = require('./lib');","var parsers = require('./parsers');","","// write shell scripts","function writeShell(grunt, options, src, cwd, argArr) {","\tvar dir = options.writeShell;","\tif (grunt.file.isFile(options.writeShell)) {","\t\tdir = path.dirname(options.writeShell);","\t}","","\tvar gf = path.basename(src.toLowerCase(), path.extname(src));","\tvar base = path.join(dir, options.target + '__' + gf);","","\t// beh","\tvar shPath = base + '.sh';","\tvar shContent = [","\t\t'#!/bin/bash',","\t\t'',","\t\t'cd ' + path.resolve(cwd),","\t\t'grunt ' + argArr.join(' '),","\t\t''","\t].join('\\n');","\tgrunt.file.write(shPath, shContent);","","\t//TODO chmod the shell-script?","","\t// semi broken","\tvar batPath = base + '.bat';","\tvar batContent = [","\t\t'set PWD=%~dp0',","\t\t'cd ' + path.resolve(cwd),","\t\t'grunt ' + argArr.join(' '),","\t\t'cd \"%PWD%\"',","\t\t''","\t].join('\\r\\n');","","\tconsole.log('argArr: ' + argArr.join(' '));","\tgrunt.file.write(batPath, batContent);","}","","function runGruntfile(grunt, src, tasks, options, callback) {","","\t//var os = require('os');","\t//var assert = require('assert');","\tvar _ = grunt.util._;","","\tvar mixedStdIO = [];","\tvar taskList = [];","","\tvar cwd = (_.isUndefined(options.cwd) || _.isNull(options.cwd) ? path.dirname(src) : options.cwd);","","\t//return value","\tvar result = {","\t\terror: null,","\t\tres: null,","\t\tcode: '',","","\t\tfail: false,","\t\toutput: '',","","\t\tsrc: src,","\t\tgruntfile: path.basename(src, path.extname(src)),","\t\tcwd: '',","","\t\ttasks: taskList,","\t\toptions: options,","","\t\t// timing","\t\tstart: Date.now(),","\t\tend: Date.now(),","\t\tduration: 0,","","\t\t// parsed data","\t\tparsed: {}","\t};","","\tvar useArgs = options.args;","","\t// apply defaults","\tvar argHash = _.defaults({","\t\t'gruntfile': path.resolve(src)","\t}, useArgs);","","\tif (tasks) {","\t\tif (_.isArray(tasks)) {","\t\t\t_.forEach(tasks, function (target) {","\t\t\t\ttaskList.push(target);","\t\t\t});","\t\t}","\t\telse {","\t\t\ttaskList.push(tasks);","\t\t}","\t}","\telse {","\t\t// do NOT force default","\t\t// tasks = ['default'];","\t}","","\t// serialise named args","\tvar argArr = [];","\t_.each(argHash, function (value, opt) {","\t\tif (opt.length === 0) {","\t\t\targArr.push(value);","\t\t}","\t\telse {","\t\t\targArr.push((opt.length === 1 ? '-' : '--') + opt);","\t\t\tif (value !== true && !(_.isNull(value) && _.isUndefined(value))) {","\t\t\t\targArr.push(value);","\t\t\t}","\t\t}","\t});","","\t// append task names","\t_.each(taskList, function (task) {","\t\targArr.push(task);","\t});","","\t// for debugging print repeatable cli commands","\tif (options.debugCli) {","\t\tgrunt.log.writeln([","\t\t\t'cd ' + path.resolve(cwd),","\t\t\t'grunt ' + argArr.join(' '),","\t\t\t'cd ' + process.cwd()","\t\t].join('\\n'));","","\t\tgrunt.log.writeln('');","\t}","","\t// experimental","\tif (options.writeShell) {","\t\twriteShell(grunt, options, src, cwd, argArr);","\t}","","\t// spawn cli options","\tvar param = {","\t\tcmd: 'grunt',","\t\targs: argArr,","\t\topts: {","\t\t\tcwd: cwd,","\t\t\tenv: grunt.util._.extend({}, process.env, (options.env || {}))","\t\t}","\t};","","\t// make a child","\tvar child = grunt.util.spawn(param,","\t\tfunction (err, res, code) {","\t\t\tgrunt.log.writeln(conf.nub + 'reporting' + ' \"' + src + '\"');","","\t\t\t// *everything*","\t\t\tresult.error = err;","\t\t\tresult.res = res;","\t\t\tresult.code = code;","\t\t\tresult.output = mixedStdIO.join('');","\t\t\tresult.end = Date.now();","\t\t\tresult.duration = (result.end - result.start);","","\t\t\t// basic check","\t\t\tif (err || code !== 0) {","\t\t\t\tresult.fail = true;","\t\t\t}","\t\t\telse {","\t\t\t\tresult.fail = false;","\t\t\t}","","\t\t\tif (options.parser) {","\t\t\t\tif (parsers.hasOwnProperty(options.parser)) {","\t\t\t\t\tvar parseOutput = parsers[options.parser];","","\t\t\t\t\tresult.parsed[options.parser] = parseOutput(result.output);","\t\t\t\t}","\t\t\t}","","\t\t\t// process the result object","\t\t\tif (options.process) {","\t\t\t\tvar ret = options.process(result);","\t\t\t\tif (_.isUndefined(ret)) {","\t\t\t\t\t// no return value: leaves as-is","\t\t\t\t}","\t\t\t\telse if (ret === true) {","\t\t\t\t\t// boolean true mean it passes","\t\t\t\t\tresult.fail = false;","\t\t\t\t}","\t\t\t\telse {","\t\t\t\t\t// anythings else mean fail","\t\t\t\t\tresult.fail = true;","","\t\t\t\t\tvar label = 'grunt_cli(' + [tasks].join(' / ') + ')';","","\t\t\t\t\tgrunt.log.writeln(conf.nub + ('grunt process forced failure').yellow + ' for ' + label);","","\t\t\t\t\tif (ret !== false) {","\t\t\t\t\t\t// only log if not a boolean","\t\t\t\t\t\tgrunt.log.writeln(conf.nub + ret);","\t\t\t\t\t}","\t\t\t\t}","\t\t\t}","","\t\t\t// log the log","\t\t\tif (options.log && mixedStdIO.length > 0) {","","\t\t\t\tif (_.isString(options.indentLog) && options.indentLog !== '') {","\t\t\t\t\t//TODO optimise this","\t\t\t\t\tgrunt.log.writeln(options.indentLog + result.output.replace(/\\r\\n|\\r|\\n/g, '\\n' + options.indentLog));","\t\t\t\t}","\t\t\t\telse {","\t\t\t\t\tgrunt.log.writeln(result.output);","\t\t\t\t}","\t\t\t}","\t\t\t// file the log","\t\t\tif (options.logFile) {","\t\t\t\tvar tmp = options.logFile;","\t\t\t\tif (grunt.file.isDir(tmp)) {","\t\t\t\t\ttmp = path.join(tmp, 'run-grunt-log.txt');","\t\t\t\t}","\t\t\t\tgrunt.log.writeln(conf.nub + 'saving data' + ' to \"' + tmp + '\"');","\t\t\t\tgrunt.file.write(tmp, result.output);","\t\t\t}","","\t\t\t// bye","\t\t\tcallback(null, result);","\t\t}","\t);","","\t// mix output (this wise?)","\tchild.stdout.on('data', function (data) {","\t\tmixedStdIO.push(data);","\t});","\tchild.stderr.on('data', function (data) {","\t\tmixedStdIO.push(data);","\t});","}","","module.exports = {","\trunGruntfile: runGruntfile","};"],"l":{"1":1,"2":1,"3":1,"6":1,"7":0,"8":0,"9":0,"12":0,"13":0,"16":0,"17":0,"24":0,"29":0,"30":0,"38":0,"39":0,"42":1,"46":0,"48":0,"49":0,"51":0,"54":0,"78":0,"81":0,"85":0,"86":0,"87":0,"88":0,"92":0,"101":0,"102":0,"103":0,"104":0,"107":0,"108":0,"109":0,"115":0,"116":0,"120":0,"121":0,"127":0,"131":0,"132":0,"136":0,"146":0,"148":0,"151":0,"152":0,"153":0,"154":0,"155":0,"156":0,"159":0,"160":0,"163":0,"166":0,"167":0,"168":0,"170":0,"175":0,"176":0,"177":0,"180":0,"182":0,"186":0,"188":0,"190":0,"192":0,"194":0,"200":0,"202":0,"204":0,"207":0,"211":0,"212":0,"213":0,"214":0,"216":0,"217":0,"221":0,"226":0,"227":0,"229":0,"230":0,"234":1}}}